2025-03-19 00:27:31 [MessageBroker-1] INFO  o.s.w.s.c.WebSocketMessageBrokerStats - WebSocketSession[0 current WS(0)-HttpStream(0)-HttpPoll(0), 0 total, 0 closed abnormally (0 connect failure, 0 send limit, 0 transport error)], stompSubProtocol[processed CONNECT(0)-CONNECTED(0)-DISCONNECT(0)], stompBrokerRelay[null], inboundChannel[unknown], outboundChannel[unknown], sockJsScheduler[pool size = 4, active threads = 1, queued tasks = 0, completed tasks = 19]
2025-03-19 00:46:56 [SpringApplicationShutdownHook] INFO  o.s.b.w.e.tomcat.GracefulShutdown - Commencing graceful shutdown. Waiting for active requests to complete
2025-03-19 00:46:56 [tomcat-shutdown] INFO  o.s.b.w.e.tomcat.GracefulShutdown - Graceful shutdown complete
2025-03-19 00:46:56 [SpringApplicationShutdownHook] ERROR o.s.i.m.i.MqttPahoMessageDrivenChannelAdapter - Exception while unsubscribing
org.eclipse.paho.client.mqttv3.MqttException: Client is not connected
	at org.eclipse.paho.client.mqttv3.internal.ExceptionHelper.createMqttException(ExceptionHelper.java:31)
	at org.eclipse.paho.client.mqttv3.internal.ClientComms.sendNoWait(ClientComms.java:205)
	at org.eclipse.paho.client.mqttv3.MqttAsyncClient.unsubscribe(MqttAsyncClient.java:1244)
	at org.eclipse.paho.client.mqttv3.MqttAsyncClient.unsubscribe(MqttAsyncClient.java:1195)
	at org.springframework.integration.mqtt.inbound.MqttPahoMessageDrivenChannelAdapter.doStop(MqttPahoMessageDrivenChannelAdapter.java:215)
	at org.springframework.integration.endpoint.AbstractEndpoint.doStop(AbstractEndpoint.java:211)
	at org.springframework.integration.endpoint.AbstractEndpoint.stop(AbstractEndpoint.java:192)
	at org.springframework.context.support.DefaultLifecycleProcessor.doStop(DefaultLifecycleProcessor.java:384)
	at org.springframework.context.support.DefaultLifecycleProcessor$LifecycleGroup.stop(DefaultLifecycleProcessor.java:526)
	at java.base/java.lang.Iterable.forEach(Iterable.java:75)
	at org.springframework.context.support.DefaultLifecycleProcessor.stopBeans(DefaultLifecycleProcessor.java:353)
	at org.springframework.context.support.DefaultLifecycleProcessor.onClose(DefaultLifecycleProcessor.java:253)
	at org.springframework.context.support.AbstractApplicationContext.doClose(AbstractApplicationContext.java:1172)
	at org.springframework.boot.web.servlet.context.ServletWebServerApplicationContext.doClose(ServletWebServerApplicationContext.java:174)
	at org.springframework.context.support.AbstractApplicationContext.close(AbstractApplicationContext.java:1126)
	at org.springframework.boot.SpringApplicationShutdownHook.closeAndWait(SpringApplicationShutdownHook.java:147)
	at java.base/java.lang.Iterable.forEach(Iterable.java:75)
	at org.springframework.boot.SpringApplicationShutdownHook.run(SpringApplicationShutdownHook.java:116)
	at java.base/java.lang.Thread.run(Thread.java:840)
2025-03-19 00:47:26 [SpringApplicationShutdownHook] INFO  o.s.i.m.i.MqttPahoMessageDrivenChannelAdapter - stopped bean 'inbound'; defined in: 'class path resource [com/project/elevage/intelligent/Smart_Farming/Protocols/Mqtt/MqttConfig.class]'; from source: 'com.project.elevage.intelligent.Smart_Farming.Protocols.Mqtt.MqttConfig.inbound()'
2025-03-19 00:47:26 [SpringApplicationShutdownHook] ERROR o.s.i.m.i.MqttPahoMessageDrivenChannelAdapter - Exception while unsubscribing
org.eclipse.paho.client.mqttv3.MqttException: Client is not connected
	at org.eclipse.paho.client.mqttv3.internal.ExceptionHelper.createMqttException(ExceptionHelper.java:31)
	at org.eclipse.paho.client.mqttv3.internal.ClientComms.sendNoWait(ClientComms.java:205)
	at org.eclipse.paho.client.mqttv3.MqttAsyncClient.unsubscribe(MqttAsyncClient.java:1244)
	at org.eclipse.paho.client.mqttv3.MqttAsyncClient.unsubscribe(MqttAsyncClient.java:1195)
	at org.springframework.integration.mqtt.inbound.MqttPahoMessageDrivenChannelAdapter.doStop(MqttPahoMessageDrivenChannelAdapter.java:215)
	at org.springframework.integration.endpoint.AbstractEndpoint.doStop(AbstractEndpoint.java:211)
	at org.springframework.integration.endpoint.AbstractEndpoint.stop(AbstractEndpoint.java:192)
	at org.springframework.context.support.DefaultLifecycleProcessor.doStop(DefaultLifecycleProcessor.java:384)
	at org.springframework.context.support.DefaultLifecycleProcessor$LifecycleGroup.stop(DefaultLifecycleProcessor.java:526)
	at java.base/java.lang.Iterable.forEach(Iterable.java:75)
	at org.springframework.context.support.DefaultLifecycleProcessor.stopBeans(DefaultLifecycleProcessor.java:353)
	at org.springframework.context.support.DefaultLifecycleProcessor.onClose(DefaultLifecycleProcessor.java:253)
	at org.springframework.context.support.AbstractApplicationContext.doClose(AbstractApplicationContext.java:1172)
	at org.springframework.boot.web.servlet.context.ServletWebServerApplicationContext.doClose(ServletWebServerApplicationContext.java:174)
	at org.springframework.context.support.AbstractApplicationContext.close(AbstractApplicationContext.java:1126)
	at org.springframework.boot.SpringApplicationShutdownHook.closeAndWait(SpringApplicationShutdownHook.java:147)
	at java.base/java.lang.Iterable.forEach(Iterable.java:75)
	at org.springframework.boot.SpringApplicationShutdownHook.run(SpringApplicationShutdownHook.java:116)
	at java.base/java.lang.Thread.run(Thread.java:840)
2025-03-19 00:47:56 [SpringApplicationShutdownHook] INFO  o.s.i.m.i.MqttPahoMessageDrivenChannelAdapter - stopped bean 'rfidInbound'; defined in: 'class path resource [com/project/elevage/intelligent/Smart_Farming/Protocols/Mqtt/MqttConfig.class]'; from source: 'com.project.elevage.intelligent.Smart_Farming.Protocols.Mqtt.MqttConfig.rfidInbound()'
2025-03-19 00:47:56 [SpringApplicationShutdownHook] DEBUG org.springframework.web.SimpLogging - clientOutboundChannel removed SubProtocolWebSocketHandler[StompSubProtocolHandler[v10.stomp, v11.stomp, v12.stomp]]
2025-03-19 00:47:56 [SpringApplicationShutdownHook] DEBUG org.springframework.web.SimpLogging - clientInboundChannel removed WebSocketAnnotationMethodMessageHandler[prefixes=[/app/]]
2025-03-19 00:47:56 [SpringApplicationShutdownHook] INFO  o.s.m.s.b.SimpleBrokerMessageHandler - Stopping...
2025-03-19 00:47:56 [SpringApplicationShutdownHook] INFO  o.s.m.s.b.SimpleBrokerMessageHandler - BrokerAvailabilityEvent[available=false, SimpleBrokerMessageHandler [org.springframework.messaging.simp.broker.DefaultSubscriptionRegistry@6b283550]]
2025-03-19 00:47:56 [SpringApplicationShutdownHook] DEBUG org.springframework.web.SimpLogging - clientInboundChannel removed SimpleBrokerMessageHandler [org.springframework.messaging.simp.broker.DefaultSubscriptionRegistry@6b283550]
2025-03-19 00:47:56 [SpringApplicationShutdownHook] DEBUG org.springframework.web.SimpLogging - brokerChannel removed SimpleBrokerMessageHandler [org.springframework.messaging.simp.broker.DefaultSubscriptionRegistry@6b283550]
2025-03-19 00:47:56 [SpringApplicationShutdownHook] INFO  o.s.m.s.b.SimpleBrokerMessageHandler - Stopped.
2025-03-19 00:47:56 [SpringApplicationShutdownHook] DEBUG org.springframework.web.SimpLogging - clientInboundChannel removed UserDestinationMessageHandler[DefaultUserDestinationResolver[prefix=/user/]]
2025-03-19 00:47:56 [SpringApplicationShutdownHook] DEBUG org.springframework.web.SimpLogging - brokerChannel removed UserDestinationMessageHandler[DefaultUserDestinationResolver[prefix=/user/]]
2025-03-19 00:47:56 [SpringApplicationShutdownHook] INFO  o.s.i.endpoint.EventDrivenConsumer - Removing {message-handler:handler.serviceActivator} as a subscriber to the 'mqttInputChannel' channel
2025-03-19 00:47:56 [SpringApplicationShutdownHook] INFO  o.s.i.channel.DirectChannel - Channel 'Smart_Farming.mqttInputChannel' has 0 subscriber(s).
2025-03-19 00:47:56 [SpringApplicationShutdownHook] INFO  o.s.i.endpoint.EventDrivenConsumer - stopped bean 'handler.serviceActivator'
2025-03-19 00:47:56 [SpringApplicationShutdownHook] INFO  o.s.i.endpoint.EventDrivenConsumer - Removing {message-handler:rfidHandler.serviceActivator} as a subscriber to the 'rfidInputChannel' channel
2025-03-19 00:47:56 [SpringApplicationShutdownHook] INFO  o.s.i.channel.DirectChannel - Channel 'Smart_Farming.rfidInputChannel' has 0 subscriber(s).
2025-03-19 00:47:56 [SpringApplicationShutdownHook] INFO  o.s.i.endpoint.EventDrivenConsumer - stopped bean 'rfidHandler.serviceActivator'
2025-03-19 00:47:56 [SpringApplicationShutdownHook] INFO  o.s.i.endpoint.EventDrivenConsumer - Removing {logging-channel-adapter:_org.springframework.integration.errorLogger} as a subscriber to the 'errorChannel' channel
2025-03-19 00:47:56 [SpringApplicationShutdownHook] INFO  o.s.i.c.PublishSubscribeChannel - Channel 'Smart_Farming.errorChannel' has 0 subscriber(s).
2025-03-19 00:47:56 [SpringApplicationShutdownHook] INFO  o.s.i.endpoint.EventDrivenConsumer - stopped bean '_org.springframework.integration.errorLogger'
2025-03-19 00:47:57 [SpringApplicationShutdownHook] INFO  o.s.o.j.LocalContainerEntityManagerFactoryBean - Closing JPA EntityManagerFactory for persistence unit 'default'
2025-03-19 00:47:57 [SpringApplicationShutdownHook] INFO  com.zaxxer.hikari.HikariDataSource - HikariPool-1 - Shutdown initiated...
2025-03-19 00:47:57 [SpringApplicationShutdownHook] INFO  com.zaxxer.hikari.HikariDataSource - HikariPool-1 - Shutdown completed.
2025-03-19 01:06:53 [background-preinit] INFO  o.h.validator.internal.util.Version - HV000001: Hibernate Validator 8.0.0.Final
2025-03-19 01:06:53 [main] INFO  c.p.e.i.S.SmartFarmingApplication - Starting SmartFarmingApplication using Java 17.0.14 with PID 84112 (/home/soumayatou/Smart_Farming/target/classes started by soumayatou in /home/soumayatou/Smart_Farming)
2025-03-19 01:06:53 [main] INFO  c.p.e.i.S.SmartFarmingApplication - No active profile set, falling back to 1 default profile: "default"
2025-03-19 01:06:54 [main] INFO  o.s.d.r.c.RepositoryConfigurationDelegate - Bootstrapping Spring Data JPA repositories in DEFAULT mode.
2025-03-19 01:06:55 [main] INFO  o.s.d.r.c.RepositoryConfigurationDelegate - Finished Spring Data repository scanning in 161 ms. Found 27 JPA repository interfaces.
2025-03-19 01:06:55 [main] INFO  o.s.i.c.DefaultConfiguringBeanFactoryPostProcessor - No bean named 'errorChannel' has been explicitly defined. Therefore, a default PublishSubscribeChannel will be created.
2025-03-19 01:06:55 [main] INFO  o.s.i.c.DefaultConfiguringBeanFactoryPostProcessor - No bean named 'integrationHeaderChannelRegistry' has been explicitly defined. Therefore, a default DefaultHeaderChannelRegistry will be created.
2025-03-19 01:06:55 [main] ERROR o.a.c.core.AprLifecycleListener - An incompatible version [1.2.31] of the Apache Tomcat Native library is installed, while Tomcat requires version [1.2.34]
2025-03-19 01:06:55 [main] INFO  o.s.b.w.e.tomcat.TomcatWebServer - Tomcat initialized with port 8080 (http)
2025-03-19 01:06:55 [main] INFO  o.a.coyote.http11.Http11NioProtocol - Initializing ProtocolHandler ["http-nio-8080"]
2025-03-19 01:06:55 [main] INFO  o.a.catalina.core.StandardService - Starting service [Tomcat]
2025-03-19 01:06:55 [main] INFO  o.a.catalina.core.StandardEngine - Starting Servlet engine: [Apache Tomcat/10.1.34]
2025-03-19 01:06:55 [main] INFO  o.a.c.c.C.[Tomcat].[localhost].[/] - Initializing Spring embedded WebApplicationContext
2025-03-19 01:06:55 [main] INFO  o.s.b.w.s.c.ServletWebServerApplicationContext - Root WebApplicationContext: initialization completed in 1948 ms
2025-03-19 01:06:56 [main] INFO  o.h.jpa.internal.util.LogHelper - HHH000204: Processing PersistenceUnitInfo [name: default]
2025-03-19 01:06:56 [main] INFO  org.hibernate.Version - HHH000412: Hibernate ORM core version 6.6.5.Final
2025-03-19 01:06:56 [main] INFO  o.h.c.i.RegionFactoryInitiator - HHH000026: Second-level cache disabled
2025-03-19 01:06:56 [main] INFO  o.s.o.j.p.SpringPersistenceUnitInfo - No LoadTimeWeaver setup: ignoring JPA class transformer
2025-03-19 01:06:56 [main] INFO  com.zaxxer.hikari.HikariDataSource - HikariPool-1 - Starting...
2025-03-19 01:06:56 [main] INFO  com.zaxxer.hikari.pool.HikariPool - HikariPool-1 - Added connection org.postgresql.jdbc.PgConnection@1ddc8fc
2025-03-19 01:06:56 [main] INFO  com.zaxxer.hikari.HikariDataSource - HikariPool-1 - Start completed.
2025-03-19 01:06:56 [main] WARN  org.hibernate.orm.deprecation - HHH90000025: PostgreSQLDialect does not need to be specified explicitly using 'hibernate.dialect' (remove the property setting and it will be selected by default)
2025-03-19 01:06:56 [main] INFO  o.hibernate.orm.connections.pooling - HHH10001005: Database info:
	Database JDBC URL [Connecting through datasource 'HikariDataSource (HikariPool-1)']
	Database driver: undefined/unknown
	Database version: 16.7
	Autocommit mode: undefined/unknown
	Isolation level: undefined/unknown
	Minimum pool size: undefined/unknown
	Maximum pool size: undefined/unknown
2025-03-19 01:06:57 [main] INFO  o.h.e.t.j.p.i.JtaPlatformInitiator - HHH000489: No JTA platform available (set 'hibernate.transaction.jta.platform' to enable JTA platform integration)
2025-03-19 01:06:58 [main] INFO  o.s.o.j.LocalContainerEntityManagerFactoryBean - Initialized JPA EntityManagerFactory for persistence unit 'default'
2025-03-19 01:06:58 [main] DEBUG o.s.w.f.ServerHttpObservationFilter - Filter 'webMvcObservationFilter' configured for use
2025-03-19 01:06:58 [main] INFO  o.s.d.j.r.query.QueryEnhancerFactory - Hibernate is in classpath; If applicable, HQL parser will be used.
2025-03-19 01:06:59 [main] INFO  o.s.s.c.a.a.c.InitializeUserDetailsBeanManagerConfigurer$InitializeUserDetailsManagerConfigurer - Global AuthenticationManager configured with UserDetailsService bean with name userDetailsServiceImpl
2025-03-19 01:06:59 [main] INFO  o.e.c.elements.config.Configuration - defaults added COAP.
2025-03-19 01:06:59 [main] INFO  o.e.californium.core.CoapServer - Starting server
2025-03-19 01:06:59 [main] INFO  o.e.californium.core.CoapServer - no endpoints have been defined for server, setting up server endpoint on default port 5683
2025-03-19 01:06:59 [main] INFO  o.e.c.elements.config.Configuration - defaults added UDP.
2025-03-19 01:06:59 [main] INFO  o.e.c.c.network.RandomTokenGenerator - using tokens of 8 bytes in length
2025-03-19 01:06:59 [main] INFO  org.eclipse.californium.ban - Started.
2025-03-19 01:06:59 [main] INFO  o.e.c.core.network.CoapEndpoint - coap CoapEndpoint uses udp context
2025-03-19 01:06:59 [main] INFO  o.e.c.elements.config.Configuration - defaults added SYS.
2025-03-19 01:06:59 [main] INFO  o.e.c.c.network.stack.BlockwiseLayer - coap BlockwiseLayer uses MAX_MESSAGE_SIZE=1024, PREFERRED_BLOCK_SIZE=512, BLOCKWISE_STATUS_LIFETIME=300000, MAX_RESOURCE_BODY_SIZE=8192, BLOCKWISE_STRICT_BLOCK2_OPTION=false
2025-03-19 01:06:59 [main] INFO  o.e.c.elements.UDPConnector - UDPConnector starts up 1 sender threads and 1 receiver threads
2025-03-19 01:06:59 [main] INFO  o.e.c.elements.UDPConnector - UDPConnector listening on /[0:0:0:0:0:0:0:0]:5683, recv buf = 106496, send buf = 106496, recv packet size = 2048
2025-03-19 01:06:59 [main] INFO  o.e.c.core.network.CoapEndpoint - coap Started endpoint at coap://[0:0:0:0:0:0:0:0]:5683
2025-03-19 01:06:59 [main] WARN  o.s.b.a.o.j.JpaBaseConfiguration$JpaWebConfiguration - spring.jpa.open-in-view is enabled by default. Therefore, database queries may be performed during view rendering. Explicitly configure spring.jpa.open-in-view to disable this warning
2025-03-19 01:06:59 [main] DEBUG o.s.w.s.s.s.WebSocketHandlerMapping - Patterns [/ws/**] in 'stompWebSocketHandlerMapping'
2025-03-19 01:06:59 [main] DEBUG o.s.w.s.s.s.WebSocketHandlerMapping - Patterns [/ws/monitoring] in 'webSocketHandlerMapping'
2025-03-19 01:06:59 [main] DEBUG o.s.w.s.m.m.a.RequestMappingHandlerMapping - 109 mappings in 'requestMappingHandlerMapping'
2025-03-19 01:07:00 [main] DEBUG o.s.w.s.h.SimpleUrlHandlerMapping - Patterns [/webjars/**, /**] in 'resourceHandlerMapping'
2025-03-19 01:07:00 [main] INFO  o.s.b.a.e.web.EndpointLinksResolver - Exposing 4 endpoints beneath base path '/actuator'
2025-03-19 01:07:00 [main] DEBUG o.s.s.web.DefaultSecurityFilterChain - Will secure any request with filters: DisableEncodeUrlFilter, WebAsyncManagerIntegrationFilter, SecurityContextHolderFilter, HeaderWriterFilter, LogoutFilter, JwtFilter, RequestCacheAwareFilter, SecurityContextHolderAwareRequestFilter, AnonymousAuthenticationFilter, SessionManagementFilter, ExceptionTranslationFilter, AuthorizationFilter
2025-03-19 01:07:00 [main] DEBUG o.s.w.s.m.WebSocketAnnotationMethodMessageHandler - 
	c.p.e.i.S.C.AdminSystemController:
	
2025-03-19 01:07:00 [main] DEBUG o.s.w.s.m.WebSocketAnnotationMethodMessageHandler - 
	c.p.e.i.S.C.ApiController:
	
2025-03-19 01:07:00 [main] DEBUG o.s.w.s.m.WebSocketAnnotationMethodMessageHandler - 
	c.p.e.i.S.C.AuthController:
	
2025-03-19 01:07:00 [main] DEBUG o.s.w.s.m.WebSocketAnnotationMethodMessageHandler - 
	c.p.e.i.S.C.DataConnectorController:
	
2025-03-19 01:07:00 [main] DEBUG o.s.w.s.m.WebSocketAnnotationMethodMessageHandler - 
	c.p.e.i.S.C.IntegrationController:
	
2025-03-19 01:07:00 [main] DEBUG o.s.w.s.m.WebSocketAnnotationMethodMessageHandler - 
	c.p.e.i.S.C.MonitoringController:
	
2025-03-19 01:07:00 [main] DEBUG o.s.w.s.m.WebSocketAnnotationMethodMessageHandler - 
	c.p.e.i.S.C.RFIDController:
	
2025-03-19 01:07:00 [main] DEBUG o.s.w.s.m.WebSocketAnnotationMethodMessageHandler - 
	c.p.e.i.S.C.RuleEngineScriptController:
	
2025-03-19 01:07:00 [main] DEBUG o.s.w.s.m.WebSocketAnnotationMethodMessageHandler - 
	c.p.e.i.S.C.SSLCertificateController:
	
2025-03-19 01:07:00 [main] DEBUG o.s.w.s.m.WebSocketAnnotationMethodMessageHandler - 
	c.p.e.i.S.C.SensorController:
	
2025-03-19 01:07:00 [main] DEBUG o.s.w.s.m.WebSocketAnnotationMethodMessageHandler - 
	c.p.e.i.S.C.SystemConfigController:
	
2025-03-19 01:07:00 [main] DEBUG o.s.w.s.m.WebSocketAnnotationMethodMessageHandler - 
	c.p.e.i.S.C.T.AlarmController:
	
2025-03-19 01:07:00 [main] DEBUG o.s.w.s.m.WebSocketAnnotationMethodMessageHandler - 
	c.p.e.i.S.C.T.AnalyticsController:
	
2025-03-19 01:07:00 [main] DEBUG o.s.w.s.m.WebSocketAnnotationMethodMessageHandler - 
	c.p.e.i.S.C.T.AssetController:
	
2025-03-19 01:07:00 [main] DEBUG o.s.w.s.m.WebSocketAnnotationMethodMessageHandler - 
	c.p.e.i.S.C.T.DashboardController:
	
2025-03-19 01:07:00 [main] DEBUG o.s.w.s.m.WebSocketAnnotationMethodMessageHandler - 
	c.p.e.i.S.C.T.DeviceController:
	
2025-03-19 01:07:00 [main] DEBUG o.s.w.s.m.WebSocketAnnotationMethodMessageHandler - 
	c.p.e.i.S.C.T.EdgeDeviceController:
	
2025-03-19 01:07:00 [main] DEBUG o.s.w.s.m.WebSocketAnnotationMethodMessageHandler - 
	c.p.e.i.S.C.T.EleveurController:
	
2025-03-19 01:07:00 [main] DEBUG o.s.w.s.m.WebSocketAnnotationMethodMessageHandler - 
	c.p.e.i.S.C.T.PluginController:
	
2025-03-19 01:07:00 [main] DEBUG o.s.w.s.m.WebSocketAnnotationMethodMessageHandler - 
	c.p.e.i.S.C.T.TelemetryDataController:
	
2025-03-19 01:07:00 [main] DEBUG o.s.w.s.m.WebSocketAnnotationMethodMessageHandler - 
	c.p.e.i.S.C.T.TenantAdminController:
	
2025-03-19 01:07:00 [main] DEBUG o.s.w.s.m.WebSocketAnnotationMethodMessageHandler - 
	c.p.e.i.S.C.T.WidgetController:
	
2025-03-19 01:07:00 [main] DEBUG o.s.w.s.m.WebSocketAnnotationMethodMessageHandler - 
	c.p.e.i.S.C.TenantController:
	
2025-03-19 01:07:00 [main] DEBUG o.s.w.s.m.WebSocketAnnotationMethodMessageHandler - 
	o.s.b.a.w.s.e.BasicErrorController:
	
2025-03-19 01:07:00 [main] DEBUG o.s.w.s.m.m.a.RequestMappingHandlerAdapter - ControllerAdvice beans: 0 @ModelAttribute, 0 @InitBinder, 1 RequestBodyAdvice, 1 ResponseBodyAdvice
2025-03-19 01:07:00 [main] DEBUG o.s.w.s.m.m.a.ExceptionHandlerExceptionResolver - ControllerAdvice beans: 0 @ExceptionHandler, 1 ResponseBodyAdvice
2025-03-19 01:07:00 [main] INFO  o.s.i.endpoint.EventDrivenConsumer - Adding {logging-channel-adapter:_org.springframework.integration.errorLogger} as a subscriber to the 'errorChannel' channel
2025-03-19 01:07:00 [main] INFO  o.s.i.c.PublishSubscribeChannel - Channel 'Smart_Farming.errorChannel' has 1 subscriber(s).
2025-03-19 01:07:00 [main] INFO  o.s.i.endpoint.EventDrivenConsumer - started bean '_org.springframework.integration.errorLogger'
2025-03-19 01:07:00 [main] INFO  o.s.i.endpoint.EventDrivenConsumer - Adding {message-handler:handler.serviceActivator} as a subscriber to the 'mqttInputChannel' channel
2025-03-19 01:07:00 [main] INFO  o.s.i.channel.DirectChannel - Channel 'Smart_Farming.mqttInputChannel' has 1 subscriber(s).
2025-03-19 01:07:00 [main] INFO  o.s.i.endpoint.EventDrivenConsumer - started bean 'handler.serviceActivator'
2025-03-19 01:07:00 [main] INFO  o.s.i.endpoint.EventDrivenConsumer - Adding {message-handler:rfidHandler.serviceActivator} as a subscriber to the 'rfidInputChannel' channel
2025-03-19 01:07:00 [main] INFO  o.s.i.channel.DirectChannel - Channel 'Smart_Farming.rfidInputChannel' has 1 subscriber(s).
2025-03-19 01:07:00 [main] INFO  o.s.i.endpoint.EventDrivenConsumer - started bean 'rfidHandler.serviceActivator'
2025-03-19 01:07:00 [main] DEBUG org.springframework.web.SimpLogging - clientOutboundChannel added SubProtocolWebSocketHandler[StompSubProtocolHandler[v10.stomp, v11.stomp, v12.stomp]]
2025-03-19 01:07:00 [main] DEBUG org.springframework.web.SimpLogging - clientInboundChannel added WebSocketAnnotationMethodMessageHandler[prefixes=[/app/]]
2025-03-19 01:07:00 [main] INFO  o.s.m.s.b.SimpleBrokerMessageHandler - Starting...
2025-03-19 01:07:00 [main] DEBUG org.springframework.web.SimpLogging - clientInboundChannel added SimpleBrokerMessageHandler [org.springframework.messaging.simp.broker.DefaultSubscriptionRegistry@3db17953]
2025-03-19 01:07:00 [main] DEBUG org.springframework.web.SimpLogging - brokerChannel added SimpleBrokerMessageHandler [org.springframework.messaging.simp.broker.DefaultSubscriptionRegistry@3db17953]
2025-03-19 01:07:00 [main] INFO  o.s.m.s.b.SimpleBrokerMessageHandler - BrokerAvailabilityEvent[available=true, SimpleBrokerMessageHandler [org.springframework.messaging.simp.broker.DefaultSubscriptionRegistry@3db17953]]
2025-03-19 01:07:00 [main] INFO  o.s.m.s.b.SimpleBrokerMessageHandler - Started.
2025-03-19 01:07:00 [main] DEBUG org.springframework.web.SimpLogging - clientInboundChannel added UserDestinationMessageHandler[DefaultUserDestinationResolver[prefix=/user/]]
2025-03-19 01:07:00 [main] DEBUG org.springframework.web.SimpLogging - brokerChannel added UserDestinationMessageHandler[DefaultUserDestinationResolver[prefix=/user/]]
2025-03-19 01:07:00 [main] INFO  o.s.i.m.i.MqttPahoMessageDrivenChannelAdapter - started bean 'inbound'; defined in: 'class path resource [com/project/elevage/intelligent/Smart_Farming/Protocols/Mqtt/MqttConfig.class]'; from source: 'com.project.elevage.intelligent.Smart_Farming.Protocols.Mqtt.MqttConfig.inbound()'
2025-03-19 01:07:00 [main] INFO  o.s.i.m.i.MqttPahoMessageDrivenChannelAdapter - started bean 'rfidInbound'; defined in: 'class path resource [com/project/elevage/intelligent/Smart_Farming/Protocols/Mqtt/MqttConfig.class]'; from source: 'com.project.elevage.intelligent.Smart_Farming.Protocols.Mqtt.MqttConfig.rfidInbound()'
2025-03-19 01:07:00 [main] INFO  o.a.coyote.http11.Http11NioProtocol - Starting ProtocolHandler ["http-nio-8080"]
2025-03-19 01:07:00 [main] INFO  o.s.b.w.e.tomcat.TomcatWebServer - Tomcat started on port 8080 (http) with context path '/'
2025-03-19 01:07:00 [main] INFO  c.p.e.i.S.SmartFarmingApplication - Started SmartFarmingApplication in 7.336 seconds (process running for 7.607)
2025-03-19 01:08:00 [MessageBroker-1] INFO  o.s.w.s.c.WebSocketMessageBrokerStats - WebSocketSession[0 current WS(0)-HttpStream(0)-HttpPoll(0), 0 total, 0 closed abnormally (0 connect failure, 0 send limit, 0 transport error)], stompSubProtocol[processed CONNECT(0)-CONNECTED(0)-DISCONNECT(0)], stompBrokerRelay[null], inboundChannel[unknown], outboundChannel[unknown], sockJsScheduler[pool size = 1, active threads = 1, queued tasks = 0, completed tasks = 0]
2025-03-19 01:12:09 [http-nio-8080-exec-1] INFO  o.a.c.c.C.[Tomcat].[localhost].[/] - Initializing Spring DispatcherServlet 'dispatcherServlet'
2025-03-19 01:12:09 [http-nio-8080-exec-1] INFO  o.s.web.servlet.DispatcherServlet - Initializing Servlet 'dispatcherServlet'
2025-03-19 01:12:09 [http-nio-8080-exec-1] DEBUG o.s.web.servlet.DispatcherServlet - Detected StandardServletMultipartResolver
2025-03-19 01:12:09 [http-nio-8080-exec-1] DEBUG o.s.web.servlet.DispatcherServlet - Detected AcceptHeaderLocaleResolver
2025-03-19 01:12:09 [http-nio-8080-exec-1] DEBUG o.s.web.servlet.DispatcherServlet - Detected FixedThemeResolver
2025-03-19 01:12:09 [http-nio-8080-exec-1] DEBUG o.s.web.servlet.DispatcherServlet - Detected org.springframework.web.servlet.view.DefaultRequestToViewNameTranslator@372d7420
2025-03-19 01:12:09 [http-nio-8080-exec-1] DEBUG o.s.web.servlet.DispatcherServlet - Detected org.springframework.web.servlet.support.SessionFlashMapManager@aea96b0
2025-03-19 01:12:09 [http-nio-8080-exec-1] DEBUG o.s.web.servlet.DispatcherServlet - enableLoggingRequestDetails='false': request parameters and headers will be masked to prevent unsafe logging of potentially sensitive data
2025-03-19 01:12:09 [http-nio-8080-exec-1] INFO  o.s.web.servlet.DispatcherServlet - Completed initialization in 4 ms
2025-03-19 01:12:09 [http-nio-8080-exec-1] DEBUG o.s.security.web.FilterChainProxy - Securing POST /api/admins/assets/add/1
2025-03-19 01:12:09 [http-nio-8080-exec-1] ERROR o.a.c.c.C.[.[.[.[dispatcherServlet] - Servlet.service() for servlet [dispatcherServlet] in context with path [] threw exception
io.jsonwebtoken.ExpiredJwtException: JWT expired at 2025-03-17T16:44:38Z. Current time: 2025-03-19T01:12:09Z, a difference of 116851318 milliseconds.  Allowed clock skew: 0 milliseconds.
	at io.jsonwebtoken.impl.DefaultJwtParser.parse(DefaultJwtParser.java:385)
	at io.jsonwebtoken.impl.DefaultJwtParser.parse(DefaultJwtParser.java:481)
	at io.jsonwebtoken.impl.DefaultJwtParser.parseClaimsJws(DefaultJwtParser.java:541)
	at com.project.elevage.intelligent.Smart_Farming.Security.JwtUtils.extractUsername(JwtUtils.java:27)
	at com.project.elevage.intelligent.Smart_Farming.Security.filters.JwtFilter.doFilterInternal(JwtFilter.java:41)
	at org.springframework.web.filter.OncePerRequestFilter.doFilter(OncePerRequestFilter.java:116)
	at org.springframework.security.web.ObservationFilterChainDecorator$ObservationFilter.wrapFilter(ObservationFilterChainDecorator.java:240)
	at org.springframework.security.web.ObservationFilterChainDecorator$ObservationFilter.doFilter(ObservationFilterChainDecorator.java:227)
	at org.springframework.security.web.ObservationFilterChainDecorator$VirtualFilterChain.doFilter(ObservationFilterChainDecorator.java:137)
	at org.springframework.security.web.authentication.logout.LogoutFilter.doFilter(LogoutFilter.java:107)
	at org.springframework.security.web.authentication.logout.LogoutFilter.doFilter(LogoutFilter.java:93)
	at org.springframework.security.web.ObservationFilterChainDecorator$ObservationFilter.wrapFilter(ObservationFilterChainDecorator.java:240)
	at org.springframework.security.web.ObservationFilterChainDecorator$ObservationFilter.doFilter(ObservationFilterChainDecorator.java:227)
	at org.springframework.security.web.ObservationFilterChainDecorator$VirtualFilterChain.doFilter(ObservationFilterChainDecorator.java:137)
	at org.springframework.security.web.header.HeaderWriterFilter.doHeadersAfter(HeaderWriterFilter.java:90)
	at org.springframework.security.web.header.HeaderWriterFilter.doFilterInternal(HeaderWriterFilter.java:75)
	at org.springframework.web.filter.OncePerRequestFilter.doFilter(OncePerRequestFilter.java:116)
	at org.springframework.security.web.ObservationFilterChainDecorator$ObservationFilter.wrapFilter(ObservationFilterChainDecorator.java:240)
	at org.springframework.security.web.ObservationFilterChainDecorator$ObservationFilter.doFilter(ObservationFilterChainDecorator.java:227)
	at org.springframework.security.web.ObservationFilterChainDecorator$VirtualFilterChain.doFilter(ObservationFilterChainDecorator.java:137)
	at org.springframework.security.web.context.SecurityContextHolderFilter.doFilter(SecurityContextHolderFilter.java:82)
	at org.springframework.security.web.context.SecurityContextHolderFilter.doFilter(SecurityContextHolderFilter.java:69)
	at org.springframework.security.web.ObservationFilterChainDecorator$ObservationFilter.wrapFilter(ObservationFilterChainDecorator.java:240)
	at org.springframework.security.web.ObservationFilterChainDecorator$ObservationFilter.doFilter(ObservationFilterChainDecorator.java:227)
	at org.springframework.security.web.ObservationFilterChainDecorator$VirtualFilterChain.doFilter(ObservationFilterChainDecorator.java:137)
	at org.springframework.security.web.context.request.async.WebAsyncManagerIntegrationFilter.doFilterInternal(WebAsyncManagerIntegrationFilter.java:62)
	at org.springframework.web.filter.OncePerRequestFilter.doFilter(OncePerRequestFilter.java:116)
	at org.springframework.security.web.ObservationFilterChainDecorator$ObservationFilter.wrapFilter(ObservationFilterChainDecorator.java:240)
	at org.springframework.security.web.ObservationFilterChainDecorator$ObservationFilter.doFilter(ObservationFilterChainDecorator.java:227)
	at org.springframework.security.web.ObservationFilterChainDecorator$VirtualFilterChain.doFilter(ObservationFilterChainDecorator.java:137)
	at org.springframework.security.web.session.DisableEncodeUrlFilter.doFilterInternal(DisableEncodeUrlFilter.java:42)
	at org.springframework.web.filter.OncePerRequestFilter.doFilter(OncePerRequestFilter.java:116)
	at org.springframework.security.web.ObservationFilterChainDecorator$ObservationFilter.wrapFilter(ObservationFilterChainDecorator.java:240)
	at org.springframework.security.web.ObservationFilterChainDecorator$AroundFilterObservation$SimpleAroundFilterObservation.lambda$wrap$0(ObservationFilterChainDecorator.java:323)
	at org.springframework.security.web.ObservationFilterChainDecorator$ObservationFilter.doFilter(ObservationFilterChainDecorator.java:224)
	at org.springframework.security.web.ObservationFilterChainDecorator$VirtualFilterChain.doFilter(ObservationFilterChainDecorator.java:137)
	at org.springframework.security.web.FilterChainProxy.doFilterInternal(FilterChainProxy.java:233)
	at org.springframework.security.web.FilterChainProxy.doFilter(FilterChainProxy.java:191)
	at org.springframework.web.filter.CompositeFilter$VirtualFilterChain.doFilter(CompositeFilter.java:113)
	at org.springframework.web.servlet.handler.HandlerMappingIntrospector.lambda$createCacheFilter$3(HandlerMappingIntrospector.java:243)
	at org.springframework.web.filter.CompositeFilter$VirtualFilterChain.doFilter(CompositeFilter.java:113)
	at org.springframework.web.filter.CompositeFilter.doFilter(CompositeFilter.java:74)
	at org.springframework.security.config.annotation.web.configuration.WebMvcSecurityConfiguration$CompositeFilterChainProxy.doFilter(WebMvcSecurityConfiguration.java:238)
	at org.springframework.web.filter.DelegatingFilterProxy.invokeDelegate(DelegatingFilterProxy.java:362)
	at org.springframework.web.filter.DelegatingFilterProxy.doFilter(DelegatingFilterProxy.java:278)
	at org.apache.catalina.core.ApplicationFilterChain.internalDoFilter(ApplicationFilterChain.java:164)
	at org.apache.catalina.core.ApplicationFilterChain.doFilter(ApplicationFilterChain.java:140)
	at org.springframework.web.filter.RequestContextFilter.doFilterInternal(RequestContextFilter.java:100)
	at org.springframework.web.filter.OncePerRequestFilter.doFilter(OncePerRequestFilter.java:116)
	at org.apache.catalina.core.ApplicationFilterChain.internalDoFilter(ApplicationFilterChain.java:164)
	at org.apache.catalina.core.ApplicationFilterChain.doFilter(ApplicationFilterChain.java:140)
	at org.springframework.web.filter.FormContentFilter.doFilterInternal(FormContentFilter.java:93)
	at org.springframework.web.filter.OncePerRequestFilter.doFilter(OncePerRequestFilter.java:116)
	at org.apache.catalina.core.ApplicationFilterChain.internalDoFilter(ApplicationFilterChain.java:164)
	at org.apache.catalina.core.ApplicationFilterChain.doFilter(ApplicationFilterChain.java:140)
	at org.springframework.web.filter.ServerHttpObservationFilter.doFilterInternal(ServerHttpObservationFilter.java:114)
	at org.springframework.web.filter.OncePerRequestFilter.doFilter(OncePerRequestFilter.java:116)
	at org.apache.catalina.core.ApplicationFilterChain.internalDoFilter(ApplicationFilterChain.java:164)
	at org.apache.catalina.core.ApplicationFilterChain.doFilter(ApplicationFilterChain.java:140)
	at org.springframework.web.filter.CharacterEncodingFilter.doFilterInternal(CharacterEncodingFilter.java:201)
	at org.springframework.web.filter.OncePerRequestFilter.doFilter(OncePerRequestFilter.java:116)
	at org.apache.catalina.core.ApplicationFilterChain.internalDoFilter(ApplicationFilterChain.java:164)
	at org.apache.catalina.core.ApplicationFilterChain.doFilter(ApplicationFilterChain.java:140)
	at org.apache.catalina.core.StandardWrapperValve.invoke(StandardWrapperValve.java:167)
	at org.apache.catalina.core.StandardContextValve.invoke(StandardContextValve.java:90)
	at org.apache.catalina.authenticator.AuthenticatorBase.invoke(AuthenticatorBase.java:483)
	at org.apache.catalina.core.StandardHostValve.invoke(StandardHostValve.java:115)
	at org.apache.catalina.valves.ErrorReportValve.invoke(ErrorReportValve.java:93)
	at org.apache.catalina.core.StandardEngineValve.invoke(StandardEngineValve.java:74)
	at org.apache.catalina.connector.CoyoteAdapter.service(CoyoteAdapter.java:344)
	at org.apache.coyote.http11.Http11Processor.service(Http11Processor.java:397)
	at org.apache.coyote.AbstractProcessorLight.process(AbstractProcessorLight.java:63)
	at org.apache.coyote.AbstractProtocol$ConnectionHandler.process(AbstractProtocol.java:905)
	at org.apache.tomcat.util.net.NioEndpoint$SocketProcessor.doRun(NioEndpoint.java:1741)
	at org.apache.tomcat.util.net.SocketProcessorBase.run(SocketProcessorBase.java:52)
	at org.apache.tomcat.util.threads.ThreadPoolExecutor.runWorker(ThreadPoolExecutor.java:1190)
	at org.apache.tomcat.util.threads.ThreadPoolExecutor$Worker.run(ThreadPoolExecutor.java:659)
	at org.apache.tomcat.util.threads.TaskThread$WrappingRunnable.run(TaskThread.java:63)
	at java.base/java.lang.Thread.run(Thread.java:840)
2025-03-19 01:12:09 [http-nio-8080-exec-1] DEBUG o.s.security.web.FilterChainProxy - Securing POST /error
2025-03-19 01:12:09 [http-nio-8080-exec-1] DEBUG o.s.s.w.a.AnonymousAuthenticationFilter - Set SecurityContextHolder to anonymous SecurityContext
2025-03-19 01:12:09 [http-nio-8080-exec-1] DEBUG o.s.s.w.a.Http403ForbiddenEntryPoint - Pre-authenticated entry point called. Rejecting access
2025-03-19 01:12:37 [http-nio-8080-exec-3] DEBUG o.s.security.web.FilterChainProxy - Securing POST /auth/login
2025-03-19 01:12:37 [http-nio-8080-exec-3] DEBUG o.s.s.w.a.AnonymousAuthenticationFilter - Set SecurityContextHolder to anonymous SecurityContext
2025-03-19 01:12:37 [http-nio-8080-exec-3] DEBUG o.s.security.web.FilterChainProxy - Secured POST /auth/login
2025-03-19 01:12:37 [http-nio-8080-exec-3] DEBUG o.s.web.servlet.DispatcherServlet - POST "/auth/login", parameters={}
2025-03-19 01:12:37 [http-nio-8080-exec-3] DEBUG o.s.w.s.m.m.a.RequestMappingHandlerMapping - Mapped to com.project.elevage.intelligent.Smart_Farming.Controllers.AuthController#login(AuthenticationRequest)
2025-03-19 01:12:37 [http-nio-8080-exec-3] DEBUG o.s.w.s.m.m.a.RequestResponseBodyMethodProcessor - Read "application/json;charset=UTF-8" to [com.project.elevage.intelligent.Smart_Farming.DTO.AuthenticationRequest@44c6a94c]
2025-03-19 01:12:37 [http-nio-8080-exec-3] DEBUG o.s.s.a.d.DaoAuthenticationProvider - Authenticated user
2025-03-19 01:12:38 [http-nio-8080-exec-3] DEBUG o.s.w.s.m.m.a.HttpEntityMethodProcessor - Using 'application/json', given [*/*] and supported [application/json, application/*+json]
2025-03-19 01:12:38 [http-nio-8080-exec-3] DEBUG o.s.w.s.m.m.a.HttpEntityMethodProcessor - Writing [com.project.elevage.intelligent.Smart_Farming.DTO.AuthenticationResponse@36ffe794]
2025-03-19 01:12:38 [http-nio-8080-exec-3] DEBUG o.s.web.servlet.DispatcherServlet - Completed 200 OK
2025-03-19 01:12:54 [http-nio-8080-exec-4] DEBUG o.s.security.web.FilterChainProxy - Securing POST /api/admins/assets/add/1
2025-03-19 01:12:54 [http-nio-8080-exec-4] DEBUG o.s.security.web.FilterChainProxy - Secured POST /api/admins/assets/add/1
2025-03-19 01:12:54 [http-nio-8080-exec-4] DEBUG o.s.web.servlet.DispatcherServlet - POST "/api/admins/assets/add/1", parameters={}
2025-03-19 01:12:54 [http-nio-8080-exec-4] DEBUG o.s.w.s.m.m.a.RequestMappingHandlerMapping - Mapped to com.project.elevage.intelligent.Smart_Farming.Controllers.AdminSystemController#addAssetToTenant(AssetEntity, Long)
2025-03-19 01:12:54 [http-nio-8080-exec-4] DEBUG o.s.w.s.m.m.a.RequestResponseBodyMethodProcessor - Read "application/json;charset=UTF-8" to [com.project.elevage.intelligent.Smart_Farming.Entities.Asset.AssetEntity@1f359d0]
2025-03-19 01:12:54 [http-nio-8080-exec-4] DEBUG o.s.w.s.m.m.a.HttpEntityMethodProcessor - Using 'application/json', given [*/*] and supported [application/json, application/*+json]
2025-03-19 01:12:54 [http-nio-8080-exec-4] DEBUG o.s.w.s.m.m.a.HttpEntityMethodProcessor - Writing [com.project.elevage.intelligent.Smart_Farming.Entities.Asset.AssetEntity@1f359d0]
2025-03-19 01:12:54 [http-nio-8080-exec-4] DEBUG o.s.web.servlet.DispatcherServlet - Completed 201 CREATED
2025-03-19 01:18:51 [SpringApplicationShutdownHook] INFO  o.s.b.w.e.tomcat.GracefulShutdown - Commencing graceful shutdown. Waiting for active requests to complete
2025-03-19 01:18:51 [tomcat-shutdown] INFO  o.s.b.w.e.tomcat.GracefulShutdown - Graceful shutdown complete
2025-03-19 01:18:51 [SpringApplicationShutdownHook] ERROR o.s.i.m.i.MqttPahoMessageDrivenChannelAdapter - Exception while unsubscribing
org.eclipse.paho.client.mqttv3.MqttException: Client is not connected
	at org.eclipse.paho.client.mqttv3.internal.ExceptionHelper.createMqttException(ExceptionHelper.java:31)
	at org.eclipse.paho.client.mqttv3.internal.ClientComms.sendNoWait(ClientComms.java:205)
	at org.eclipse.paho.client.mqttv3.MqttAsyncClient.unsubscribe(MqttAsyncClient.java:1244)
	at org.eclipse.paho.client.mqttv3.MqttAsyncClient.unsubscribe(MqttAsyncClient.java:1195)
	at org.springframework.integration.mqtt.inbound.MqttPahoMessageDrivenChannelAdapter.doStop(MqttPahoMessageDrivenChannelAdapter.java:215)
	at org.springframework.integration.endpoint.AbstractEndpoint.doStop(AbstractEndpoint.java:211)
	at org.springframework.integration.endpoint.AbstractEndpoint.stop(AbstractEndpoint.java:192)
	at org.springframework.context.support.DefaultLifecycleProcessor.doStop(DefaultLifecycleProcessor.java:384)
	at org.springframework.context.support.DefaultLifecycleProcessor$LifecycleGroup.stop(DefaultLifecycleProcessor.java:526)
	at java.base/java.lang.Iterable.forEach(Iterable.java:75)
	at org.springframework.context.support.DefaultLifecycleProcessor.stopBeans(DefaultLifecycleProcessor.java:353)
	at org.springframework.context.support.DefaultLifecycleProcessor.onClose(DefaultLifecycleProcessor.java:253)
	at org.springframework.context.support.AbstractApplicationContext.doClose(AbstractApplicationContext.java:1172)
	at org.springframework.boot.web.servlet.context.ServletWebServerApplicationContext.doClose(ServletWebServerApplicationContext.java:174)
	at org.springframework.context.support.AbstractApplicationContext.close(AbstractApplicationContext.java:1126)
	at org.springframework.boot.SpringApplicationShutdownHook.closeAndWait(SpringApplicationShutdownHook.java:147)
	at java.base/java.lang.Iterable.forEach(Iterable.java:75)
	at org.springframework.boot.SpringApplicationShutdownHook.run(SpringApplicationShutdownHook.java:116)
	at java.base/java.lang.Thread.run(Thread.java:840)
2025-03-19 01:19:21 [SpringApplicationShutdownHook] INFO  o.s.i.m.i.MqttPahoMessageDrivenChannelAdapter - stopped bean 'inbound'; defined in: 'class path resource [com/project/elevage/intelligent/Smart_Farming/Protocols/Mqtt/MqttConfig.class]'; from source: 'com.project.elevage.intelligent.Smart_Farming.Protocols.Mqtt.MqttConfig.inbound()'
2025-03-19 01:19:21 [SpringApplicationShutdownHook] ERROR o.s.i.m.i.MqttPahoMessageDrivenChannelAdapter - Exception while unsubscribing
org.eclipse.paho.client.mqttv3.MqttException: Client is not connected
	at org.eclipse.paho.client.mqttv3.internal.ExceptionHelper.createMqttException(ExceptionHelper.java:31)
	at org.eclipse.paho.client.mqttv3.internal.ClientComms.sendNoWait(ClientComms.java:205)
	at org.eclipse.paho.client.mqttv3.MqttAsyncClient.unsubscribe(MqttAsyncClient.java:1244)
	at org.eclipse.paho.client.mqttv3.MqttAsyncClient.unsubscribe(MqttAsyncClient.java:1195)
	at org.springframework.integration.mqtt.inbound.MqttPahoMessageDrivenChannelAdapter.doStop(MqttPahoMessageDrivenChannelAdapter.java:215)
	at org.springframework.integration.endpoint.AbstractEndpoint.doStop(AbstractEndpoint.java:211)
	at org.springframework.integration.endpoint.AbstractEndpoint.stop(AbstractEndpoint.java:192)
	at org.springframework.context.support.DefaultLifecycleProcessor.doStop(DefaultLifecycleProcessor.java:384)
	at org.springframework.context.support.DefaultLifecycleProcessor$LifecycleGroup.stop(DefaultLifecycleProcessor.java:526)
	at java.base/java.lang.Iterable.forEach(Iterable.java:75)
	at org.springframework.context.support.DefaultLifecycleProcessor.stopBeans(DefaultLifecycleProcessor.java:353)
	at org.springframework.context.support.DefaultLifecycleProcessor.onClose(DefaultLifecycleProcessor.java:253)
	at org.springframework.context.support.AbstractApplicationContext.doClose(AbstractApplicationContext.java:1172)
	at org.springframework.boot.web.servlet.context.ServletWebServerApplicationContext.doClose(ServletWebServerApplicationContext.java:174)
	at org.springframework.context.support.AbstractApplicationContext.close(AbstractApplicationContext.java:1126)
	at org.springframework.boot.SpringApplicationShutdownHook.closeAndWait(SpringApplicationShutdownHook.java:147)
	at java.base/java.lang.Iterable.forEach(Iterable.java:75)
	at org.springframework.boot.SpringApplicationShutdownHook.run(SpringApplicationShutdownHook.java:116)
	at java.base/java.lang.Thread.run(Thread.java:840)
2025-03-19 01:19:51 [SpringApplicationShutdownHook] INFO  o.s.i.m.i.MqttPahoMessageDrivenChannelAdapter - stopped bean 'rfidInbound'; defined in: 'class path resource [com/project/elevage/intelligent/Smart_Farming/Protocols/Mqtt/MqttConfig.class]'; from source: 'com.project.elevage.intelligent.Smart_Farming.Protocols.Mqtt.MqttConfig.rfidInbound()'
2025-03-19 01:19:51 [SpringApplicationShutdownHook] DEBUG org.springframework.web.SimpLogging - clientOutboundChannel removed SubProtocolWebSocketHandler[StompSubProtocolHandler[v10.stomp, v11.stomp, v12.stomp]]
2025-03-19 01:19:51 [SpringApplicationShutdownHook] DEBUG org.springframework.web.SimpLogging - clientInboundChannel removed WebSocketAnnotationMethodMessageHandler[prefixes=[/app/]]
2025-03-19 01:19:51 [SpringApplicationShutdownHook] INFO  o.s.m.s.b.SimpleBrokerMessageHandler - Stopping...
2025-03-19 01:19:51 [SpringApplicationShutdownHook] INFO  o.s.m.s.b.SimpleBrokerMessageHandler - BrokerAvailabilityEvent[available=false, SimpleBrokerMessageHandler [org.springframework.messaging.simp.broker.DefaultSubscriptionRegistry@3db17953]]
2025-03-19 01:19:51 [SpringApplicationShutdownHook] DEBUG org.springframework.web.SimpLogging - clientInboundChannel removed SimpleBrokerMessageHandler [org.springframework.messaging.simp.broker.DefaultSubscriptionRegistry@3db17953]
2025-03-19 01:19:51 [SpringApplicationShutdownHook] DEBUG org.springframework.web.SimpLogging - brokerChannel removed SimpleBrokerMessageHandler [org.springframework.messaging.simp.broker.DefaultSubscriptionRegistry@3db17953]
2025-03-19 01:19:51 [SpringApplicationShutdownHook] INFO  o.s.m.s.b.SimpleBrokerMessageHandler - Stopped.
2025-03-19 01:19:51 [SpringApplicationShutdownHook] DEBUG org.springframework.web.SimpLogging - clientInboundChannel removed UserDestinationMessageHandler[DefaultUserDestinationResolver[prefix=/user/]]
2025-03-19 01:19:51 [SpringApplicationShutdownHook] DEBUG org.springframework.web.SimpLogging - brokerChannel removed UserDestinationMessageHandler[DefaultUserDestinationResolver[prefix=/user/]]
2025-03-19 01:19:51 [SpringApplicationShutdownHook] INFO  o.s.i.endpoint.EventDrivenConsumer - Removing {message-handler:handler.serviceActivator} as a subscriber to the 'mqttInputChannel' channel
2025-03-19 01:19:51 [SpringApplicationShutdownHook] INFO  o.s.i.channel.DirectChannel - Channel 'Smart_Farming.mqttInputChannel' has 0 subscriber(s).
2025-03-19 01:19:51 [SpringApplicationShutdownHook] INFO  o.s.i.endpoint.EventDrivenConsumer - stopped bean 'handler.serviceActivator'
2025-03-19 01:19:51 [SpringApplicationShutdownHook] INFO  o.s.i.endpoint.EventDrivenConsumer - Removing {message-handler:rfidHandler.serviceActivator} as a subscriber to the 'rfidInputChannel' channel
2025-03-19 01:19:51 [SpringApplicationShutdownHook] INFO  o.s.i.channel.DirectChannel - Channel 'Smart_Farming.rfidInputChannel' has 0 subscriber(s).
2025-03-19 01:19:51 [SpringApplicationShutdownHook] INFO  o.s.i.endpoint.EventDrivenConsumer - stopped bean 'rfidHandler.serviceActivator'
2025-03-19 01:19:51 [SpringApplicationShutdownHook] INFO  o.s.i.endpoint.EventDrivenConsumer - Removing {logging-channel-adapter:_org.springframework.integration.errorLogger} as a subscriber to the 'errorChannel' channel
2025-03-19 01:19:51 [SpringApplicationShutdownHook] INFO  o.s.i.c.PublishSubscribeChannel - Channel 'Smart_Farming.errorChannel' has 0 subscriber(s).
2025-03-19 01:19:51 [SpringApplicationShutdownHook] INFO  o.s.i.endpoint.EventDrivenConsumer - stopped bean '_org.springframework.integration.errorLogger'
2025-03-19 01:19:51 [SpringApplicationShutdownHook] INFO  o.s.o.j.LocalContainerEntityManagerFactoryBean - Closing JPA EntityManagerFactory for persistence unit 'default'
2025-03-19 01:19:51 [SpringApplicationShutdownHook] INFO  com.zaxxer.hikari.HikariDataSource - HikariPool-1 - Shutdown initiated...
2025-03-19 01:19:51 [SpringApplicationShutdownHook] INFO  com.zaxxer.hikari.HikariDataSource - HikariPool-1 - Shutdown completed.
2025-03-19 01:24:11 [background-preinit] INFO  o.h.validator.internal.util.Version - HV000001: Hibernate Validator 8.0.0.Final
2025-03-19 01:24:12 [main] INFO  c.p.e.i.S.SmartFarmingApplication - Starting SmartFarmingApplication using Java 17.0.14 with PID 84997 (/home/soumayatou/Smart_Farming/target/classes started by soumayatou in /home/soumayatou/Smart_Farming)
2025-03-19 01:24:12 [main] INFO  c.p.e.i.S.SmartFarmingApplication - No active profile set, falling back to 1 default profile: "default"
2025-03-19 01:24:13 [main] INFO  o.s.d.r.c.RepositoryConfigurationDelegate - Bootstrapping Spring Data JPA repositories in DEFAULT mode.
2025-03-19 01:24:13 [main] INFO  o.s.d.r.c.RepositoryConfigurationDelegate - Finished Spring Data repository scanning in 146 ms. Found 27 JPA repository interfaces.
2025-03-19 01:24:13 [main] INFO  o.s.i.c.DefaultConfiguringBeanFactoryPostProcessor - No bean named 'errorChannel' has been explicitly defined. Therefore, a default PublishSubscribeChannel will be created.
2025-03-19 01:24:13 [main] INFO  o.s.i.c.DefaultConfiguringBeanFactoryPostProcessor - No bean named 'integrationHeaderChannelRegistry' has been explicitly defined. Therefore, a default DefaultHeaderChannelRegistry will be created.
2025-03-19 01:24:13 [main] ERROR o.a.c.core.AprLifecycleListener - An incompatible version [1.2.31] of the Apache Tomcat Native library is installed, while Tomcat requires version [1.2.34]
2025-03-19 01:24:13 [main] INFO  o.s.b.w.e.tomcat.TomcatWebServer - Tomcat initialized with port 8080 (http)
2025-03-19 01:24:13 [main] INFO  o.a.coyote.http11.Http11NioProtocol - Initializing ProtocolHandler ["http-nio-8080"]
2025-03-19 01:24:13 [main] INFO  o.a.catalina.core.StandardService - Starting service [Tomcat]
2025-03-19 01:24:13 [main] INFO  o.a.catalina.core.StandardEngine - Starting Servlet engine: [Apache Tomcat/10.1.34]
2025-03-19 01:24:13 [main] INFO  o.a.c.c.C.[Tomcat].[localhost].[/] - Initializing Spring embedded WebApplicationContext
2025-03-19 01:24:13 [main] INFO  o.s.b.w.s.c.ServletWebServerApplicationContext - Root WebApplicationContext: initialization completed in 1878 ms
2025-03-19 01:24:14 [main] INFO  o.h.jpa.internal.util.LogHelper - HHH000204: Processing PersistenceUnitInfo [name: default]
2025-03-19 01:24:14 [main] INFO  org.hibernate.Version - HHH000412: Hibernate ORM core version 6.6.5.Final
2025-03-19 01:24:14 [main] INFO  o.h.c.i.RegionFactoryInitiator - HHH000026: Second-level cache disabled
2025-03-19 01:24:14 [main] INFO  o.s.o.j.p.SpringPersistenceUnitInfo - No LoadTimeWeaver setup: ignoring JPA class transformer
2025-03-19 01:24:14 [main] INFO  com.zaxxer.hikari.HikariDataSource - HikariPool-1 - Starting...
2025-03-19 01:24:14 [main] INFO  com.zaxxer.hikari.pool.HikariPool - HikariPool-1 - Added connection org.postgresql.jdbc.PgConnection@53551fef
2025-03-19 01:24:14 [main] INFO  com.zaxxer.hikari.HikariDataSource - HikariPool-1 - Start completed.
2025-03-19 01:24:14 [main] WARN  org.hibernate.orm.deprecation - HHH90000025: PostgreSQLDialect does not need to be specified explicitly using 'hibernate.dialect' (remove the property setting and it will be selected by default)
2025-03-19 01:24:14 [main] INFO  o.hibernate.orm.connections.pooling - HHH10001005: Database info:
	Database JDBC URL [Connecting through datasource 'HikariDataSource (HikariPool-1)']
	Database driver: undefined/unknown
	Database version: 16.7
	Autocommit mode: undefined/unknown
	Isolation level: undefined/unknown
	Minimum pool size: undefined/unknown
	Maximum pool size: undefined/unknown
2025-03-19 01:24:15 [main] INFO  o.h.e.t.j.p.i.JtaPlatformInitiator - HHH000489: No JTA platform available (set 'hibernate.transaction.jta.platform' to enable JTA platform integration)
2025-03-19 01:24:16 [main] INFO  o.s.o.j.LocalContainerEntityManagerFactoryBean - Initialized JPA EntityManagerFactory for persistence unit 'default'
2025-03-19 01:24:16 [main] DEBUG o.s.w.f.ServerHttpObservationFilter - Filter 'webMvcObservationFilter' configured for use
2025-03-19 01:24:16 [main] INFO  o.s.d.j.r.query.QueryEnhancerFactory - Hibernate is in classpath; If applicable, HQL parser will be used.
2025-03-19 01:24:17 [main] INFO  o.s.s.c.a.a.c.InitializeUserDetailsBeanManagerConfigurer$InitializeUserDetailsManagerConfigurer - Global AuthenticationManager configured with UserDetailsService bean with name userDetailsServiceImpl
2025-03-19 01:24:17 [main] INFO  o.e.c.elements.config.Configuration - defaults added COAP.
2025-03-19 01:24:17 [main] INFO  o.e.californium.core.CoapServer - Starting server
2025-03-19 01:24:17 [main] INFO  o.e.californium.core.CoapServer - no endpoints have been defined for server, setting up server endpoint on default port 5683
2025-03-19 01:24:17 [main] INFO  o.e.c.elements.config.Configuration - defaults added UDP.
2025-03-19 01:24:17 [main] INFO  o.e.c.c.network.RandomTokenGenerator - using tokens of 8 bytes in length
2025-03-19 01:24:17 [main] INFO  org.eclipse.californium.ban - Started.
2025-03-19 01:24:17 [main] INFO  o.e.c.core.network.CoapEndpoint - coap CoapEndpoint uses udp context
2025-03-19 01:24:17 [main] INFO  o.e.c.elements.config.Configuration - defaults added SYS.
2025-03-19 01:24:17 [main] INFO  o.e.c.c.network.stack.BlockwiseLayer - coap BlockwiseLayer uses MAX_MESSAGE_SIZE=1024, PREFERRED_BLOCK_SIZE=512, BLOCKWISE_STATUS_LIFETIME=300000, MAX_RESOURCE_BODY_SIZE=8192, BLOCKWISE_STRICT_BLOCK2_OPTION=false
2025-03-19 01:24:17 [main] INFO  o.e.c.elements.UDPConnector - UDPConnector starts up 1 sender threads and 1 receiver threads
2025-03-19 01:24:17 [main] INFO  o.e.c.elements.UDPConnector - UDPConnector listening on /[0:0:0:0:0:0:0:0]:5683, recv buf = 106496, send buf = 106496, recv packet size = 2048
2025-03-19 01:24:17 [main] INFO  o.e.c.core.network.CoapEndpoint - coap Started endpoint at coap://[0:0:0:0:0:0:0:0]:5683
2025-03-19 01:24:17 [main] WARN  o.s.b.a.o.j.JpaBaseConfiguration$JpaWebConfiguration - spring.jpa.open-in-view is enabled by default. Therefore, database queries may be performed during view rendering. Explicitly configure spring.jpa.open-in-view to disable this warning
2025-03-19 01:24:17 [main] DEBUG o.s.w.s.s.s.WebSocketHandlerMapping - Patterns [/ws/**] in 'stompWebSocketHandlerMapping'
2025-03-19 01:24:17 [main] DEBUG o.s.w.s.s.s.WebSocketHandlerMapping - Patterns [/ws/monitoring] in 'webSocketHandlerMapping'
2025-03-19 01:24:18 [main] DEBUG o.s.w.s.m.m.a.RequestMappingHandlerMapping - 109 mappings in 'requestMappingHandlerMapping'
2025-03-19 01:24:18 [main] DEBUG o.s.w.s.h.SimpleUrlHandlerMapping - Patterns [/webjars/**, /**] in 'resourceHandlerMapping'
2025-03-19 01:24:18 [main] INFO  o.s.b.a.e.web.EndpointLinksResolver - Exposing 4 endpoints beneath base path '/actuator'
2025-03-19 01:24:18 [main] DEBUG o.s.s.web.DefaultSecurityFilterChain - Will secure any request with filters: DisableEncodeUrlFilter, WebAsyncManagerIntegrationFilter, SecurityContextHolderFilter, HeaderWriterFilter, LogoutFilter, JwtFilter, RequestCacheAwareFilter, SecurityContextHolderAwareRequestFilter, AnonymousAuthenticationFilter, SessionManagementFilter, ExceptionTranslationFilter, AuthorizationFilter
2025-03-19 01:24:18 [main] DEBUG o.s.w.s.m.WebSocketAnnotationMethodMessageHandler - 
	c.p.e.i.S.C.AdminSystemController:
	
2025-03-19 01:24:18 [main] DEBUG o.s.w.s.m.WebSocketAnnotationMethodMessageHandler - 
	c.p.e.i.S.C.ApiController:
	
2025-03-19 01:24:18 [main] DEBUG o.s.w.s.m.WebSocketAnnotationMethodMessageHandler - 
	c.p.e.i.S.C.AuthController:
	
2025-03-19 01:24:18 [main] DEBUG o.s.w.s.m.WebSocketAnnotationMethodMessageHandler - 
	c.p.e.i.S.C.DataConnectorController:
	
2025-03-19 01:24:18 [main] DEBUG o.s.w.s.m.WebSocketAnnotationMethodMessageHandler - 
	c.p.e.i.S.C.IntegrationController:
	
2025-03-19 01:24:18 [main] DEBUG o.s.w.s.m.WebSocketAnnotationMethodMessageHandler - 
	c.p.e.i.S.C.MonitoringController:
	
2025-03-19 01:24:18 [main] DEBUG o.s.w.s.m.WebSocketAnnotationMethodMessageHandler - 
	c.p.e.i.S.C.RFIDController:
	
2025-03-19 01:24:18 [main] DEBUG o.s.w.s.m.WebSocketAnnotationMethodMessageHandler - 
	c.p.e.i.S.C.RuleEngineScriptController:
	
2025-03-19 01:24:18 [main] DEBUG o.s.w.s.m.WebSocketAnnotationMethodMessageHandler - 
	c.p.e.i.S.C.SSLCertificateController:
	
2025-03-19 01:24:18 [main] DEBUG o.s.w.s.m.WebSocketAnnotationMethodMessageHandler - 
	c.p.e.i.S.C.SensorController:
	
2025-03-19 01:24:18 [main] DEBUG o.s.w.s.m.WebSocketAnnotationMethodMessageHandler - 
	c.p.e.i.S.C.SystemConfigController:
	
2025-03-19 01:24:18 [main] DEBUG o.s.w.s.m.WebSocketAnnotationMethodMessageHandler - 
	c.p.e.i.S.C.T.AlarmController:
	
2025-03-19 01:24:18 [main] DEBUG o.s.w.s.m.WebSocketAnnotationMethodMessageHandler - 
	c.p.e.i.S.C.T.AnalyticsController:
	
2025-03-19 01:24:18 [main] DEBUG o.s.w.s.m.WebSocketAnnotationMethodMessageHandler - 
	c.p.e.i.S.C.T.AssetController:
	
2025-03-19 01:24:18 [main] DEBUG o.s.w.s.m.WebSocketAnnotationMethodMessageHandler - 
	c.p.e.i.S.C.T.DashboardController:
	
2025-03-19 01:24:18 [main] DEBUG o.s.w.s.m.WebSocketAnnotationMethodMessageHandler - 
	c.p.e.i.S.C.T.DeviceController:
	
2025-03-19 01:24:18 [main] DEBUG o.s.w.s.m.WebSocketAnnotationMethodMessageHandler - 
	c.p.e.i.S.C.T.EdgeDeviceController:
	
2025-03-19 01:24:18 [main] DEBUG o.s.w.s.m.WebSocketAnnotationMethodMessageHandler - 
	c.p.e.i.S.C.T.EleveurController:
	
2025-03-19 01:24:18 [main] DEBUG o.s.w.s.m.WebSocketAnnotationMethodMessageHandler - 
	c.p.e.i.S.C.T.PluginController:
	
2025-03-19 01:24:18 [main] DEBUG o.s.w.s.m.WebSocketAnnotationMethodMessageHandler - 
	c.p.e.i.S.C.T.TelemetryDataController:
	
2025-03-19 01:24:18 [main] DEBUG o.s.w.s.m.WebSocketAnnotationMethodMessageHandler - 
	c.p.e.i.S.C.T.TenantAdminController:
	
2025-03-19 01:24:18 [main] DEBUG o.s.w.s.m.WebSocketAnnotationMethodMessageHandler - 
	c.p.e.i.S.C.T.WidgetController:
	
2025-03-19 01:24:18 [main] DEBUG o.s.w.s.m.WebSocketAnnotationMethodMessageHandler - 
	c.p.e.i.S.C.TenantController:
	
2025-03-19 01:24:18 [main] DEBUG o.s.w.s.m.WebSocketAnnotationMethodMessageHandler - 
	o.s.b.a.w.s.e.BasicErrorController:
	
2025-03-19 01:24:18 [main] DEBUG o.s.w.s.m.m.a.RequestMappingHandlerAdapter - ControllerAdvice beans: 0 @ModelAttribute, 0 @InitBinder, 1 RequestBodyAdvice, 1 ResponseBodyAdvice
2025-03-19 01:24:18 [main] DEBUG o.s.w.s.m.m.a.ExceptionHandlerExceptionResolver - ControllerAdvice beans: 0 @ExceptionHandler, 1 ResponseBodyAdvice
2025-03-19 01:24:18 [main] INFO  o.s.i.endpoint.EventDrivenConsumer - Adding {logging-channel-adapter:_org.springframework.integration.errorLogger} as a subscriber to the 'errorChannel' channel
2025-03-19 01:24:18 [main] INFO  o.s.i.c.PublishSubscribeChannel - Channel 'Smart_Farming.errorChannel' has 1 subscriber(s).
2025-03-19 01:24:18 [main] INFO  o.s.i.endpoint.EventDrivenConsumer - started bean '_org.springframework.integration.errorLogger'
2025-03-19 01:24:18 [main] INFO  o.s.i.endpoint.EventDrivenConsumer - Adding {message-handler:handler.serviceActivator} as a subscriber to the 'mqttInputChannel' channel
2025-03-19 01:24:18 [main] INFO  o.s.i.channel.DirectChannel - Channel 'Smart_Farming.mqttInputChannel' has 1 subscriber(s).
2025-03-19 01:24:18 [main] INFO  o.s.i.endpoint.EventDrivenConsumer - started bean 'handler.serviceActivator'
2025-03-19 01:24:18 [main] INFO  o.s.i.endpoint.EventDrivenConsumer - Adding {message-handler:rfidHandler.serviceActivator} as a subscriber to the 'rfidInputChannel' channel
2025-03-19 01:24:18 [main] INFO  o.s.i.channel.DirectChannel - Channel 'Smart_Farming.rfidInputChannel' has 1 subscriber(s).
2025-03-19 01:24:18 [main] INFO  o.s.i.endpoint.EventDrivenConsumer - started bean 'rfidHandler.serviceActivator'
2025-03-19 01:24:18 [main] DEBUG org.springframework.web.SimpLogging - clientOutboundChannel added SubProtocolWebSocketHandler[StompSubProtocolHandler[v10.stomp, v11.stomp, v12.stomp]]
2025-03-19 01:24:18 [main] DEBUG org.springframework.web.SimpLogging - clientInboundChannel added WebSocketAnnotationMethodMessageHandler[prefixes=[/app/]]
2025-03-19 01:24:18 [main] INFO  o.s.m.s.b.SimpleBrokerMessageHandler - Starting...
2025-03-19 01:24:18 [main] DEBUG org.springframework.web.SimpLogging - clientInboundChannel added SimpleBrokerMessageHandler [org.springframework.messaging.simp.broker.DefaultSubscriptionRegistry@2c5fcecb]
2025-03-19 01:24:18 [main] DEBUG org.springframework.web.SimpLogging - brokerChannel added SimpleBrokerMessageHandler [org.springframework.messaging.simp.broker.DefaultSubscriptionRegistry@2c5fcecb]
2025-03-19 01:24:18 [main] INFO  o.s.m.s.b.SimpleBrokerMessageHandler - BrokerAvailabilityEvent[available=true, SimpleBrokerMessageHandler [org.springframework.messaging.simp.broker.DefaultSubscriptionRegistry@2c5fcecb]]
2025-03-19 01:24:18 [main] INFO  o.s.m.s.b.SimpleBrokerMessageHandler - Started.
2025-03-19 01:24:18 [main] DEBUG org.springframework.web.SimpLogging - clientInboundChannel added UserDestinationMessageHandler[DefaultUserDestinationResolver[prefix=/user/]]
2025-03-19 01:24:18 [main] DEBUG org.springframework.web.SimpLogging - brokerChannel added UserDestinationMessageHandler[DefaultUserDestinationResolver[prefix=/user/]]
2025-03-19 01:24:18 [main] INFO  o.s.i.m.i.MqttPahoMessageDrivenChannelAdapter - started bean 'inbound'; defined in: 'class path resource [com/project/elevage/intelligent/Smart_Farming/Protocols/Mqtt/MqttConfig.class]'; from source: 'com.project.elevage.intelligent.Smart_Farming.Protocols.Mqtt.MqttConfig.inbound()'
2025-03-19 01:24:18 [main] INFO  o.s.i.m.i.MqttPahoMessageDrivenChannelAdapter - started bean 'rfidInbound'; defined in: 'class path resource [com/project/elevage/intelligent/Smart_Farming/Protocols/Mqtt/MqttConfig.class]'; from source: 'com.project.elevage.intelligent.Smart_Farming.Protocols.Mqtt.MqttConfig.rfidInbound()'
2025-03-19 01:24:18 [main] INFO  o.a.coyote.http11.Http11NioProtocol - Starting ProtocolHandler ["http-nio-8080"]
2025-03-19 01:24:18 [main] INFO  o.s.b.w.e.tomcat.TomcatWebServer - Tomcat started on port 8080 (http) with context path '/'
2025-03-19 01:24:18 [main] INFO  c.p.e.i.S.SmartFarmingApplication - Started SmartFarmingApplication in 7.346 seconds (process running for 7.617)
2025-03-19 01:25:18 [MessageBroker-1] INFO  o.s.w.s.c.WebSocketMessageBrokerStats - WebSocketSession[0 current WS(0)-HttpStream(0)-HttpPoll(0), 0 total, 0 closed abnormally (0 connect failure, 0 send limit, 0 transport error)], stompSubProtocol[processed CONNECT(0)-CONNECTED(0)-DISCONNECT(0)], stompBrokerRelay[null], inboundChannel[unknown], outboundChannel[unknown], sockJsScheduler[pool size = 1, active threads = 1, queued tasks = 0, completed tasks = 0]
2025-03-19 01:25:34 [http-nio-8080-exec-2] INFO  o.a.c.c.C.[Tomcat].[localhost].[/] - Initializing Spring DispatcherServlet 'dispatcherServlet'
2025-03-19 01:25:34 [http-nio-8080-exec-2] INFO  o.s.web.servlet.DispatcherServlet - Initializing Servlet 'dispatcherServlet'
2025-03-19 01:25:34 [http-nio-8080-exec-2] DEBUG o.s.web.servlet.DispatcherServlet - Detected StandardServletMultipartResolver
2025-03-19 01:25:34 [http-nio-8080-exec-2] DEBUG o.s.web.servlet.DispatcherServlet - Detected AcceptHeaderLocaleResolver
2025-03-19 01:25:34 [http-nio-8080-exec-2] DEBUG o.s.web.servlet.DispatcherServlet - Detected FixedThemeResolver
2025-03-19 01:25:34 [http-nio-8080-exec-2] DEBUG o.s.web.servlet.DispatcherServlet - Detected org.springframework.web.servlet.view.DefaultRequestToViewNameTranslator@7d0c21
2025-03-19 01:25:34 [http-nio-8080-exec-2] DEBUG o.s.web.servlet.DispatcherServlet - Detected org.springframework.web.servlet.support.SessionFlashMapManager@7447b08c
2025-03-19 01:25:34 [http-nio-8080-exec-2] DEBUG o.s.web.servlet.DispatcherServlet - enableLoggingRequestDetails='false': request parameters and headers will be masked to prevent unsafe logging of potentially sensitive data
2025-03-19 01:25:34 [http-nio-8080-exec-2] INFO  o.s.web.servlet.DispatcherServlet - Completed initialization in 4 ms
2025-03-19 01:25:34 [http-nio-8080-exec-2] DEBUG o.s.security.web.FilterChainProxy - Securing PUT /api/admins/assets/update/1
2025-03-19 01:25:34 [http-nio-8080-exec-2] DEBUG o.s.security.web.FilterChainProxy - Secured PUT /api/admins/assets/update/1
2025-03-19 01:25:34 [http-nio-8080-exec-2] DEBUG o.s.web.servlet.DispatcherServlet - PUT "/api/admins/assets/update/1", parameters={}
2025-03-19 01:25:34 [http-nio-8080-exec-2] DEBUG o.s.w.s.m.m.a.RequestMappingHandlerMapping - Mapped to com.project.elevage.intelligent.Smart_Farming.Controllers.AdminSystemController#updateAsset(Long, AssetEntity)
2025-03-19 01:25:34 [http-nio-8080-exec-2] DEBUG o.s.w.s.m.m.a.RequestResponseBodyMethodProcessor - Read "application/json;charset=UTF-8" to [com.project.elevage.intelligent.Smart_Farming.Entities.Asset.AssetEntity@6ba71fc2]
2025-03-19 01:25:34 [http-nio-8080-exec-2] DEBUG o.s.w.s.m.m.a.HttpEntityMethodProcessor - Using 'application/json', given [*/*] and supported [application/json, application/*+json]
2025-03-19 01:25:34 [http-nio-8080-exec-2] DEBUG o.s.w.s.m.m.a.HttpEntityMethodProcessor - Writing [com.project.elevage.intelligent.Smart_Farming.Entities.Asset.AssetEntity@7400737e]
2025-03-19 01:25:34 [http-nio-8080-exec-2] DEBUG o.s.web.servlet.DispatcherServlet - Completed 200 OK
2025-03-19 01:27:00 [http-nio-8080-exec-5] DEBUG o.s.security.web.FilterChainProxy - Securing GET /api/admins/assets/all
2025-03-19 01:27:00 [http-nio-8080-exec-5] DEBUG o.s.security.web.FilterChainProxy - Secured GET /api/admins/assets/all
2025-03-19 01:27:00 [http-nio-8080-exec-5] DEBUG o.s.web.servlet.DispatcherServlet - GET "/api/admins/assets/all", parameters={}
2025-03-19 01:27:00 [http-nio-8080-exec-5] DEBUG o.s.w.s.m.m.a.RequestMappingHandlerMapping - Mapped to com.project.elevage.intelligent.Smart_Farming.Controllers.AdminSystemController#getAllAssets()
2025-03-19 01:27:00 [http-nio-8080-exec-5] DEBUG o.s.w.s.m.m.a.HttpEntityMethodProcessor - Using 'application/json', given [*/*] and supported [application/json, application/*+json]
2025-03-19 01:27:00 [http-nio-8080-exec-5] DEBUG o.s.w.s.m.m.a.HttpEntityMethodProcessor - Writing [[com.project.elevage.intelligent.Smart_Farming.Entities.Asset.AssetEntity@6915b4c2]]
2025-03-19 01:27:00 [http-nio-8080-exec-5] DEBUG o.s.web.servlet.DispatcherServlet - Completed 200 OK
2025-03-19 01:55:18 [MessageBroker-1] INFO  o.s.w.s.c.WebSocketMessageBrokerStats - WebSocketSession[0 current WS(0)-HttpStream(0)-HttpPoll(0), 0 total, 0 closed abnormally (0 connect failure, 0 send limit, 0 transport error)], stompSubProtocol[processed CONNECT(0)-CONNECTED(0)-DISCONNECT(0)], stompBrokerRelay[null], inboundChannel[unknown], outboundChannel[unknown], sockJsScheduler[pool size = 2, active threads = 1, queued tasks = 0, completed tasks = 1]
2025-03-19 11:35:18 [MessageBroker-2] INFO  o.s.w.s.c.WebSocketMessageBrokerStats - WebSocketSession[0 current WS(0)-HttpStream(0)-HttpPoll(0), 0 total, 0 closed abnormally (0 connect failure, 0 send limit, 0 transport error)], stompSubProtocol[processed CONNECT(0)-CONNECTED(0)-DISCONNECT(0)], stompBrokerRelay[null], inboundChannel[unknown], outboundChannel[unknown], sockJsScheduler[pool size = 3, active threads = 1, queued tasks = 0, completed tasks = 2]
2025-03-19 12:05:20 [MessageBroker-1] INFO  o.s.w.s.c.WebSocketMessageBrokerStats - WebSocketSession[0 current WS(0)-HttpStream(0)-HttpPoll(0), 0 total, 0 closed abnormally (0 connect failure, 0 send limit, 0 transport error)], stompSubProtocol[processed CONNECT(0)-CONNECTED(0)-DISCONNECT(0)], stompBrokerRelay[null], inboundChannel[unknown], outboundChannel[unknown], sockJsScheduler[pool size = 4, active threads = 1, queued tasks = 0, completed tasks = 3]
2025-03-19 12:35:20 [MessageBroker-1] INFO  o.s.w.s.c.WebSocketMessageBrokerStats - WebSocketSession[0 current WS(0)-HttpStream(0)-HttpPoll(0), 0 total, 0 closed abnormally (0 connect failure, 0 send limit, 0 transport error)], stompSubProtocol[processed CONNECT(0)-CONNECTED(0)-DISCONNECT(0)], stompBrokerRelay[null], inboundChannel[unknown], outboundChannel[unknown], sockJsScheduler[pool size = 4, active threads = 1, queued tasks = 0, completed tasks = 4]
2025-03-19 13:05:20 [MessageBroker-1] INFO  o.s.w.s.c.WebSocketMessageBrokerStats - WebSocketSession[0 current WS(0)-HttpStream(0)-HttpPoll(0), 0 total, 0 closed abnormally (0 connect failure, 0 send limit, 0 transport error)], stompSubProtocol[processed CONNECT(0)-CONNECTED(0)-DISCONNECT(0)], stompBrokerRelay[null], inboundChannel[unknown], outboundChannel[unknown], sockJsScheduler[pool size = 4, active threads = 1, queued tasks = 0, completed tasks = 5]
2025-03-19 13:35:20 [MessageBroker-1] INFO  o.s.w.s.c.WebSocketMessageBrokerStats - WebSocketSession[0 current WS(0)-HttpStream(0)-HttpPoll(0), 0 total, 0 closed abnormally (0 connect failure, 0 send limit, 0 transport error)], stompSubProtocol[processed CONNECT(0)-CONNECTED(0)-DISCONNECT(0)], stompBrokerRelay[null], inboundChannel[unknown], outboundChannel[unknown], sockJsScheduler[pool size = 4, active threads = 1, queued tasks = 0, completed tasks = 6]
2025-03-19 14:05:20 [MessageBroker-1] INFO  o.s.w.s.c.WebSocketMessageBrokerStats - WebSocketSession[0 current WS(0)-HttpStream(0)-HttpPoll(0), 0 total, 0 closed abnormally (0 connect failure, 0 send limit, 0 transport error)], stompSubProtocol[processed CONNECT(0)-CONNECTED(0)-DISCONNECT(0)], stompBrokerRelay[null], inboundChannel[unknown], outboundChannel[unknown], sockJsScheduler[pool size = 4, active threads = 1, queued tasks = 0, completed tasks = 7]
2025-03-19 15:26:13 [MessageBroker-1] INFO  o.s.w.s.c.WebSocketMessageBrokerStats - WebSocketSession[0 current WS(0)-HttpStream(0)-HttpPoll(0), 0 total, 0 closed abnormally (0 connect failure, 0 send limit, 0 transport error)], stompSubProtocol[processed CONNECT(0)-CONNECTED(0)-DISCONNECT(0)], stompBrokerRelay[null], inboundChannel[unknown], outboundChannel[unknown], sockJsScheduler[pool size = 4, active threads = 1, queued tasks = 0, completed tasks = 8]
2025-03-19 15:56:14 [MessageBroker-1] INFO  o.s.w.s.c.WebSocketMessageBrokerStats - WebSocketSession[0 current WS(0)-HttpStream(0)-HttpPoll(0), 0 total, 0 closed abnormally (0 connect failure, 0 send limit, 0 transport error)], stompSubProtocol[processed CONNECT(0)-CONNECTED(0)-DISCONNECT(0)], stompBrokerRelay[null], inboundChannel[unknown], outboundChannel[unknown], sockJsScheduler[pool size = 4, active threads = 1, queued tasks = 0, completed tasks = 9]
2025-03-19 21:51:16 [MessageBroker-1] INFO  o.s.w.s.c.WebSocketMessageBrokerStats - WebSocketSession[0 current WS(0)-HttpStream(0)-HttpPoll(0), 0 total, 0 closed abnormally (0 connect failure, 0 send limit, 0 transport error)], stompSubProtocol[processed CONNECT(0)-CONNECTED(0)-DISCONNECT(0)], stompBrokerRelay[null], inboundChannel[unknown], outboundChannel[unknown], sockJsScheduler[pool size = 4, active threads = 1, queued tasks = 0, completed tasks = 10]
