2025-03-29 11:22:08 [background-preinit] INFO  o.h.validator.internal.util.Version - HV000001: Hibernate Validator 8.0.0.Final
2025-03-29 11:22:08 [main] INFO  c.p.e.i.S.SmartFarmingApplication - Starting SmartFarmingApplication using Java 17.0.14 with PID 26243 (/home/soumayatou/Smart_Farming/target/classes started by soumayatou in /home/soumayatou/Smart_Farming)
2025-03-29 11:22:08 [main] INFO  c.p.e.i.S.SmartFarmingApplication - No active profile set, falling back to 1 default profile: "default"
2025-03-29 11:22:09 [main] INFO  o.s.d.r.c.RepositoryConfigurationDelegate - Bootstrapping Spring Data JPA repositories in DEFAULT mode.
2025-03-29 11:22:09 [main] INFO  o.s.d.r.c.RepositoryConfigurationDelegate - Finished Spring Data repository scanning in 173 ms. Found 27 JPA repository interfaces.
2025-03-29 11:22:10 [main] INFO  o.s.i.c.DefaultConfiguringBeanFactoryPostProcessor - No bean named 'errorChannel' has been explicitly defined. Therefore, a default PublishSubscribeChannel will be created.
2025-03-29 11:22:10 [main] INFO  o.s.i.c.DefaultConfiguringBeanFactoryPostProcessor - No bean named 'integrationHeaderChannelRegistry' has been explicitly defined. Therefore, a default DefaultHeaderChannelRegistry will be created.
2025-03-29 11:22:10 [main] ERROR o.a.c.core.AprLifecycleListener - An incompatible version [1.2.31] of the Apache Tomcat Native library is installed, while Tomcat requires version [1.2.34]
2025-03-29 11:22:10 [main] INFO  o.s.b.w.e.tomcat.TomcatWebServer - Tomcat initialized with port 8080 (http)
2025-03-29 11:22:10 [main] INFO  o.a.coyote.http11.Http11NioProtocol - Initializing ProtocolHandler ["http-nio-8080"]
2025-03-29 11:22:10 [main] INFO  o.a.catalina.core.StandardService - Starting service [Tomcat]
2025-03-29 11:22:10 [main] INFO  o.a.catalina.core.StandardEngine - Starting Servlet engine: [Apache Tomcat/10.1.34]
2025-03-29 11:22:10 [main] INFO  o.a.c.c.C.[Tomcat].[localhost].[/] - Initializing Spring embedded WebApplicationContext
2025-03-29 11:22:10 [main] INFO  o.s.b.w.s.c.ServletWebServerApplicationContext - Root WebApplicationContext: initialization completed in 2106 ms
2025-03-29 11:22:11 [main] INFO  o.h.jpa.internal.util.LogHelper - HHH000204: Processing PersistenceUnitInfo [name: default]
2025-03-29 11:22:11 [main] INFO  org.hibernate.Version - HHH000412: Hibernate ORM core version 6.6.5.Final
2025-03-29 11:22:11 [main] INFO  o.h.c.i.RegionFactoryInitiator - HHH000026: Second-level cache disabled
2025-03-29 11:22:11 [main] INFO  o.s.o.j.p.SpringPersistenceUnitInfo - No LoadTimeWeaver setup: ignoring JPA class transformer
2025-03-29 11:22:11 [main] INFO  com.zaxxer.hikari.HikariDataSource - HikariPool-1 - Starting...
2025-03-29 11:22:11 [main] INFO  com.zaxxer.hikari.pool.HikariPool - HikariPool-1 - Added connection org.postgresql.jdbc.PgConnection@90394d
2025-03-29 11:22:11 [main] INFO  com.zaxxer.hikari.HikariDataSource - HikariPool-1 - Start completed.
2025-03-29 11:22:11 [main] WARN  org.hibernate.orm.deprecation - HHH90000025: PostgreSQLDialect does not need to be specified explicitly using 'hibernate.dialect' (remove the property setting and it will be selected by default)
2025-03-29 11:22:11 [main] INFO  o.hibernate.orm.connections.pooling - HHH10001005: Database info:
	Database JDBC URL [Connecting through datasource 'HikariDataSource (HikariPool-1)']
	Database driver: undefined/unknown
	Database version: 16.7
	Autocommit mode: undefined/unknown
	Isolation level: undefined/unknown
	Minimum pool size: undefined/unknown
	Maximum pool size: undefined/unknown
2025-03-29 11:22:12 [main] INFO  o.h.e.t.j.p.i.JtaPlatformInitiator - HHH000489: No JTA platform available (set 'hibernate.transaction.jta.platform' to enable JTA platform integration)
2025-03-29 11:22:13 [main] INFO  o.s.o.j.LocalContainerEntityManagerFactoryBean - Initialized JPA EntityManagerFactory for persistence unit 'default'
2025-03-29 11:22:13 [main] DEBUG o.s.w.f.ServerHttpObservationFilter - Filter 'webMvcObservationFilter' configured for use
2025-03-29 11:22:13 [main] INFO  o.s.d.j.r.query.QueryEnhancerFactory - Hibernate is in classpath; If applicable, HQL parser will be used.
2025-03-29 11:22:14 [main] INFO  o.s.s.c.a.a.c.InitializeUserDetailsBeanManagerConfigurer$InitializeUserDetailsManagerConfigurer - Global AuthenticationManager configured with UserDetailsService bean with name userDetailsServiceImpl
2025-03-29 11:22:14 [main] INFO  o.e.c.elements.config.Configuration - defaults added COAP.
2025-03-29 11:22:14 [main] INFO  o.e.californium.core.CoapServer - Starting server
2025-03-29 11:22:14 [main] INFO  o.e.californium.core.CoapServer - no endpoints have been defined for server, setting up server endpoint on default port 5683
2025-03-29 11:22:14 [main] INFO  o.e.c.elements.config.Configuration - defaults added UDP.
2025-03-29 11:22:14 [main] INFO  o.e.c.c.network.RandomTokenGenerator - using tokens of 8 bytes in length
2025-03-29 11:22:14 [main] INFO  org.eclipse.californium.ban - Started.
2025-03-29 11:22:14 [main] INFO  o.e.c.core.network.CoapEndpoint - coap CoapEndpoint uses udp context
2025-03-29 11:22:14 [main] INFO  o.e.c.elements.config.Configuration - defaults added SYS.
2025-03-29 11:22:14 [main] INFO  o.e.c.c.network.stack.BlockwiseLayer - coap BlockwiseLayer uses MAX_MESSAGE_SIZE=1024, PREFERRED_BLOCK_SIZE=512, BLOCKWISE_STATUS_LIFETIME=300000, MAX_RESOURCE_BODY_SIZE=8192, BLOCKWISE_STRICT_BLOCK2_OPTION=false
2025-03-29 11:22:14 [main] ERROR o.e.californium.core.CoapServer - cannot start server endpoint [0.0.0.0/0.0.0.0:5683]
java.net.BindException: Address already in use
	at java.base/sun.nio.ch.Net.bind0(Native Method)
	at java.base/sun.nio.ch.Net.bind(Net.java:555)
	at java.base/sun.nio.ch.DatagramChannelImpl.bindInternal(DatagramChannelImpl.java:1194)
	at java.base/sun.nio.ch.DatagramChannelImpl.bind(DatagramChannelImpl.java:1164)
	at java.base/sun.nio.ch.DatagramSocketAdaptor.bind(DatagramSocketAdaptor.java:107)
	at java.base/java.net.DatagramSocket.bind(DatagramSocket.java:408)
	at org.eclipse.californium.elements.UDPConnector.start(UDPConnector.java:214)
	at org.eclipse.californium.core.network.CoapEndpoint.start(CoapEndpoint.java:502)
	at org.eclipse.californium.core.CoapServer.start(CoapServer.java:330)
	at com.project.elevage.intelligent.Smart_Farming.Protocols.CoAP.CoapServerApp.startServer(CoapServerApp.java:28)
	at java.base/jdk.internal.reflect.NativeMethodAccessorImpl.invoke0(Native Method)
	at java.base/jdk.internal.reflect.NativeMethodAccessorImpl.invoke(NativeMethodAccessorImpl.java:77)
	at java.base/jdk.internal.reflect.DelegatingMethodAccessorImpl.invoke(DelegatingMethodAccessorImpl.java:43)
	at java.base/java.lang.reflect.Method.invoke(Method.java:569)
	at org.springframework.beans.factory.annotation.InitDestroyAnnotationBeanPostProcessor$LifecycleMethod.invoke(InitDestroyAnnotationBeanPostProcessor.java:457)
	at org.springframework.beans.factory.annotation.InitDestroyAnnotationBeanPostProcessor$LifecycleMetadata.invokeInitMethods(InitDestroyAnnotationBeanPostProcessor.java:401)
	at org.springframework.beans.factory.annotation.InitDestroyAnnotationBeanPostProcessor.postProcessBeforeInitialization(InitDestroyAnnotationBeanPostProcessor.java:219)
	at org.springframework.beans.factory.support.AbstractAutowireCapableBeanFactory.applyBeanPostProcessorsBeforeInitialization(AbstractAutowireCapableBeanFactory.java:423)
	at org.springframework.beans.factory.support.AbstractAutowireCapableBeanFactory.initializeBean(AbstractAutowireCapableBeanFactory.java:1804)
	at org.springframework.beans.factory.support.AbstractAutowireCapableBeanFactory.doCreateBean(AbstractAutowireCapableBeanFactory.java:601)
	at org.springframework.beans.factory.support.AbstractAutowireCapableBeanFactory.createBean(AbstractAutowireCapableBeanFactory.java:523)
	at org.springframework.beans.factory.support.AbstractBeanFactory.lambda$doGetBean$0(AbstractBeanFactory.java:336)
	at org.springframework.beans.factory.support.DefaultSingletonBeanRegistry.getSingleton(DefaultSingletonBeanRegistry.java:307)
	at org.springframework.beans.factory.support.AbstractBeanFactory.doGetBean(AbstractBeanFactory.java:334)
	at org.springframework.beans.factory.support.AbstractBeanFactory.getBean(AbstractBeanFactory.java:199)
	at org.springframework.beans.factory.support.DefaultListableBeanFactory.instantiateSingleton(DefaultListableBeanFactory.java:1122)
	at org.springframework.beans.factory.support.DefaultListableBeanFactory.preInstantiateSingleton(DefaultListableBeanFactory.java:1093)
	at org.springframework.beans.factory.support.DefaultListableBeanFactory.preInstantiateSingletons(DefaultListableBeanFactory.java:1030)
	at org.springframework.context.support.AbstractApplicationContext.finishBeanFactoryInitialization(AbstractApplicationContext.java:987)
	at org.springframework.context.support.AbstractApplicationContext.refresh(AbstractApplicationContext.java:627)
	at org.springframework.boot.web.servlet.context.ServletWebServerApplicationContext.refresh(ServletWebServerApplicationContext.java:146)
	at org.springframework.boot.SpringApplication.refresh(SpringApplication.java:752)
	at org.springframework.boot.SpringApplication.refreshContext(SpringApplication.java:439)
	at org.springframework.boot.SpringApplication.run(SpringApplication.java:318)
	at org.springframework.boot.SpringApplication.run(SpringApplication.java:1361)
	at org.springframework.boot.SpringApplication.run(SpringApplication.java:1350)
	at com.project.elevage.intelligent.Smart_Farming.SmartFarmingApplication.main(SmartFarmingApplication.java:10)
2025-03-29 11:22:14 [main] WARN  o.s.b.w.s.c.AnnotationConfigServletWebServerApplicationContext - Exception encountered during context initialization - cancelling refresh attempt: org.springframework.beans.factory.BeanCreationException: Error creating bean with name 'coapServerApp': Invocation of init method failed
2025-03-29 11:22:14 [main] INFO  o.s.o.j.LocalContainerEntityManagerFactoryBean - Closing JPA EntityManagerFactory for persistence unit 'default'
2025-03-29 11:22:14 [main] INFO  com.zaxxer.hikari.HikariDataSource - HikariPool-1 - Shutdown initiated...
2025-03-29 11:22:14 [main] INFO  com.zaxxer.hikari.HikariDataSource - HikariPool-1 - Shutdown completed.
2025-03-29 11:22:14 [main] INFO  o.a.catalina.core.StandardService - Stopping service [Tomcat]
2025-03-29 11:22:14 [main] INFO  o.s.b.a.l.ConditionEvaluationReportLogger - 

Error starting ApplicationContext. To display the condition evaluation report re-run your application with 'debug' enabled.
2025-03-29 11:22:14 [main] ERROR o.s.boot.SpringApplication - Application run failed
org.springframework.beans.factory.BeanCreationException: Error creating bean with name 'coapServerApp': Invocation of init method failed
	at org.springframework.beans.factory.annotation.InitDestroyAnnotationBeanPostProcessor.postProcessBeforeInitialization(InitDestroyAnnotationBeanPostProcessor.java:222)
	at org.springframework.beans.factory.support.AbstractAutowireCapableBeanFactory.applyBeanPostProcessorsBeforeInitialization(AbstractAutowireCapableBeanFactory.java:423)
	at org.springframework.beans.factory.support.AbstractAutowireCapableBeanFactory.initializeBean(AbstractAutowireCapableBeanFactory.java:1804)
	at org.springframework.beans.factory.support.AbstractAutowireCapableBeanFactory.doCreateBean(AbstractAutowireCapableBeanFactory.java:601)
	at org.springframework.beans.factory.support.AbstractAutowireCapableBeanFactory.createBean(AbstractAutowireCapableBeanFactory.java:523)
	at org.springframework.beans.factory.support.AbstractBeanFactory.lambda$doGetBean$0(AbstractBeanFactory.java:336)
	at org.springframework.beans.factory.support.DefaultSingletonBeanRegistry.getSingleton(DefaultSingletonBeanRegistry.java:307)
	at org.springframework.beans.factory.support.AbstractBeanFactory.doGetBean(AbstractBeanFactory.java:334)
	at org.springframework.beans.factory.support.AbstractBeanFactory.getBean(AbstractBeanFactory.java:199)
	at org.springframework.beans.factory.support.DefaultListableBeanFactory.instantiateSingleton(DefaultListableBeanFactory.java:1122)
	at org.springframework.beans.factory.support.DefaultListableBeanFactory.preInstantiateSingleton(DefaultListableBeanFactory.java:1093)
	at org.springframework.beans.factory.support.DefaultListableBeanFactory.preInstantiateSingletons(DefaultListableBeanFactory.java:1030)
	at org.springframework.context.support.AbstractApplicationContext.finishBeanFactoryInitialization(AbstractApplicationContext.java:987)
	at org.springframework.context.support.AbstractApplicationContext.refresh(AbstractApplicationContext.java:627)
	at org.springframework.boot.web.servlet.context.ServletWebServerApplicationContext.refresh(ServletWebServerApplicationContext.java:146)
	at org.springframework.boot.SpringApplication.refresh(SpringApplication.java:752)
	at org.springframework.boot.SpringApplication.refreshContext(SpringApplication.java:439)
	at org.springframework.boot.SpringApplication.run(SpringApplication.java:318)
	at org.springframework.boot.SpringApplication.run(SpringApplication.java:1361)
	at org.springframework.boot.SpringApplication.run(SpringApplication.java:1350)
	at com.project.elevage.intelligent.Smart_Farming.SmartFarmingApplication.main(SmartFarmingApplication.java:10)
Caused by: java.lang.IllegalStateException: None of the server endpoints could be started
	at org.eclipse.californium.core.CoapServer.start(CoapServer.java:338)
	at com.project.elevage.intelligent.Smart_Farming.Protocols.CoAP.CoapServerApp.startServer(CoapServerApp.java:28)
	at java.base/jdk.internal.reflect.NativeMethodAccessorImpl.invoke0(Native Method)
	at java.base/jdk.internal.reflect.NativeMethodAccessorImpl.invoke(NativeMethodAccessorImpl.java:77)
	at java.base/jdk.internal.reflect.DelegatingMethodAccessorImpl.invoke(DelegatingMethodAccessorImpl.java:43)
	at java.base/java.lang.reflect.Method.invoke(Method.java:569)
	at org.springframework.beans.factory.annotation.InitDestroyAnnotationBeanPostProcessor$LifecycleMethod.invoke(InitDestroyAnnotationBeanPostProcessor.java:457)
	at org.springframework.beans.factory.annotation.InitDestroyAnnotationBeanPostProcessor$LifecycleMetadata.invokeInitMethods(InitDestroyAnnotationBeanPostProcessor.java:401)
	at org.springframework.beans.factory.annotation.InitDestroyAnnotationBeanPostProcessor.postProcessBeforeInitialization(InitDestroyAnnotationBeanPostProcessor.java:219)
	... 20 common frames omitted
2025-03-29 11:24:10 [background-preinit] INFO  o.h.validator.internal.util.Version - HV000001: Hibernate Validator 8.0.0.Final
2025-03-29 11:24:10 [main] INFO  c.p.e.i.S.SmartFarmingApplication - Starting SmartFarmingApplication using Java 17.0.14 with PID 26516 (/home/soumayatou/Smart_Farming/target/classes started by soumayatou in /home/soumayatou/Smart_Farming)
2025-03-29 11:24:10 [main] INFO  c.p.e.i.S.SmartFarmingApplication - No active profile set, falling back to 1 default profile: "default"
2025-03-29 11:24:11 [main] INFO  o.s.d.r.c.RepositoryConfigurationDelegate - Bootstrapping Spring Data JPA repositories in DEFAULT mode.
2025-03-29 11:24:11 [main] INFO  o.s.d.r.c.RepositoryConfigurationDelegate - Finished Spring Data repository scanning in 139 ms. Found 27 JPA repository interfaces.
2025-03-29 11:24:11 [main] INFO  o.s.i.c.DefaultConfiguringBeanFactoryPostProcessor - No bean named 'errorChannel' has been explicitly defined. Therefore, a default PublishSubscribeChannel will be created.
2025-03-29 11:24:11 [main] INFO  o.s.i.c.DefaultConfiguringBeanFactoryPostProcessor - No bean named 'integrationHeaderChannelRegistry' has been explicitly defined. Therefore, a default DefaultHeaderChannelRegistry will be created.
2025-03-29 11:24:12 [main] ERROR o.a.c.core.AprLifecycleListener - An incompatible version [1.2.31] of the Apache Tomcat Native library is installed, while Tomcat requires version [1.2.34]
2025-03-29 11:24:12 [main] INFO  o.s.b.w.e.tomcat.TomcatWebServer - Tomcat initialized with port 8080 (http)
2025-03-29 11:24:12 [main] INFO  o.a.coyote.http11.Http11NioProtocol - Initializing ProtocolHandler ["http-nio-8080"]
2025-03-29 11:24:12 [main] INFO  o.a.catalina.core.StandardService - Starting service [Tomcat]
2025-03-29 11:24:12 [main] INFO  o.a.catalina.core.StandardEngine - Starting Servlet engine: [Apache Tomcat/10.1.34]
2025-03-29 11:24:12 [main] INFO  o.a.c.c.C.[Tomcat].[localhost].[/] - Initializing Spring embedded WebApplicationContext
2025-03-29 11:24:12 [main] INFO  o.s.b.w.s.c.ServletWebServerApplicationContext - Root WebApplicationContext: initialization completed in 1758 ms
2025-03-29 11:24:12 [main] INFO  o.h.jpa.internal.util.LogHelper - HHH000204: Processing PersistenceUnitInfo [name: default]
2025-03-29 11:24:12 [main] INFO  org.hibernate.Version - HHH000412: Hibernate ORM core version 6.6.5.Final
2025-03-29 11:24:12 [main] INFO  o.h.c.i.RegionFactoryInitiator - HHH000026: Second-level cache disabled
2025-03-29 11:24:12 [main] INFO  o.s.o.j.p.SpringPersistenceUnitInfo - No LoadTimeWeaver setup: ignoring JPA class transformer
2025-03-29 11:24:12 [main] INFO  com.zaxxer.hikari.HikariDataSource - HikariPool-1 - Starting...
2025-03-29 11:24:13 [main] INFO  com.zaxxer.hikari.pool.HikariPool - HikariPool-1 - Added connection org.postgresql.jdbc.PgConnection@744f0e0b
2025-03-29 11:24:13 [main] INFO  com.zaxxer.hikari.HikariDataSource - HikariPool-1 - Start completed.
2025-03-29 11:24:13 [main] WARN  org.hibernate.orm.deprecation - HHH90000025: PostgreSQLDialect does not need to be specified explicitly using 'hibernate.dialect' (remove the property setting and it will be selected by default)
2025-03-29 11:24:13 [main] INFO  o.hibernate.orm.connections.pooling - HHH10001005: Database info:
	Database JDBC URL [Connecting through datasource 'HikariDataSource (HikariPool-1)']
	Database driver: undefined/unknown
	Database version: 16.7
	Autocommit mode: undefined/unknown
	Isolation level: undefined/unknown
	Minimum pool size: undefined/unknown
	Maximum pool size: undefined/unknown
2025-03-29 11:24:14 [main] INFO  o.h.e.t.j.p.i.JtaPlatformInitiator - HHH000489: No JTA platform available (set 'hibernate.transaction.jta.platform' to enable JTA platform integration)
2025-03-29 11:24:14 [main] INFO  o.s.o.j.LocalContainerEntityManagerFactoryBean - Initialized JPA EntityManagerFactory for persistence unit 'default'
2025-03-29 11:24:14 [main] DEBUG o.s.w.f.ServerHttpObservationFilter - Filter 'webMvcObservationFilter' configured for use
2025-03-29 11:24:14 [main] INFO  o.s.d.j.r.query.QueryEnhancerFactory - Hibernate is in classpath; If applicable, HQL parser will be used.
2025-03-29 11:24:15 [main] INFO  o.s.s.c.a.a.c.InitializeUserDetailsBeanManagerConfigurer$InitializeUserDetailsManagerConfigurer - Global AuthenticationManager configured with UserDetailsService bean with name userDetailsServiceImpl
2025-03-29 11:24:15 [main] INFO  o.e.c.elements.config.Configuration - defaults added COAP.
2025-03-29 11:24:15 [main] INFO  o.e.californium.core.CoapServer - Starting server
2025-03-29 11:24:15 [main] INFO  o.e.californium.core.CoapServer - no endpoints have been defined for server, setting up server endpoint on default port 5683
2025-03-29 11:24:15 [main] INFO  o.e.c.elements.config.Configuration - defaults added UDP.
2025-03-29 11:24:15 [main] INFO  o.e.c.c.network.RandomTokenGenerator - using tokens of 8 bytes in length
2025-03-29 11:24:15 [main] INFO  org.eclipse.californium.ban - Started.
2025-03-29 11:24:15 [main] INFO  o.e.c.core.network.CoapEndpoint - coap CoapEndpoint uses udp context
2025-03-29 11:24:15 [main] INFO  o.e.c.elements.config.Configuration - defaults added SYS.
2025-03-29 11:24:15 [main] INFO  o.e.c.c.network.stack.BlockwiseLayer - coap BlockwiseLayer uses MAX_MESSAGE_SIZE=1024, PREFERRED_BLOCK_SIZE=512, BLOCKWISE_STATUS_LIFETIME=300000, MAX_RESOURCE_BODY_SIZE=8192, BLOCKWISE_STRICT_BLOCK2_OPTION=false
2025-03-29 11:24:15 [main] INFO  o.e.c.elements.UDPConnector - UDPConnector starts up 1 sender threads and 1 receiver threads
2025-03-29 11:24:15 [main] INFO  o.e.c.elements.UDPConnector - UDPConnector listening on /[0:0:0:0:0:0:0:0]:5683, recv buf = 106496, send buf = 106496, recv packet size = 2048
2025-03-29 11:24:15 [main] INFO  o.e.c.core.network.CoapEndpoint - coap Started endpoint at coap://[0:0:0:0:0:0:0:0]:5683
2025-03-29 11:24:15 [main] WARN  o.s.b.a.o.j.JpaBaseConfiguration$JpaWebConfiguration - spring.jpa.open-in-view is enabled by default. Therefore, database queries may be performed during view rendering. Explicitly configure spring.jpa.open-in-view to disable this warning
2025-03-29 11:24:16 [main] DEBUG o.s.w.s.m.m.a.RequestMappingHandlerMapping - 115 mappings in 'requestMappingHandlerMapping'
2025-03-29 11:24:16 [main] DEBUG o.s.w.s.m.m.a.RequestMappingHandlerAdapter - ControllerAdvice beans: 0 @ModelAttribute, 0 @InitBinder, 1 RequestBodyAdvice, 1 ResponseBodyAdvice
2025-03-29 11:24:16 [main] DEBUG o.s.w.s.m.m.a.ExceptionHandlerExceptionResolver - ControllerAdvice beans: 0 @ExceptionHandler, 1 ResponseBodyAdvice
2025-03-29 11:24:16 [main] DEBUG o.s.w.s.s.s.WebSocketHandlerMapping - Patterns [/ws/**] in 'stompWebSocketHandlerMapping'
2025-03-29 11:24:16 [main] DEBUG o.s.w.s.s.s.WebSocketHandlerMapping - Patterns [/ws/monitoring] in 'webSocketHandlerMapping'
2025-03-29 11:24:16 [main] INFO  o.s.b.a.e.web.EndpointLinksResolver - Exposing 4 endpoints beneath base path '/actuator'
2025-03-29 11:24:16 [main] DEBUG o.s.s.web.DefaultSecurityFilterChain - Will secure any request with filters: DisableEncodeUrlFilter, WebAsyncManagerIntegrationFilter, SecurityContextHolderFilter, HeaderWriterFilter, LogoutFilter, JwtFilter, RequestCacheAwareFilter, SecurityContextHolderAwareRequestFilter, AnonymousAuthenticationFilter, SessionManagementFilter, ExceptionTranslationFilter, AuthorizationFilter
2025-03-29 11:24:16 [main] DEBUG o.s.w.s.m.WebSocketAnnotationMethodMessageHandler - 
	c.p.e.i.S.C.AdminSystemController:
	
2025-03-29 11:24:16 [main] DEBUG o.s.w.s.m.WebSocketAnnotationMethodMessageHandler - 
	c.p.e.i.S.C.ApiController:
	
2025-03-29 11:24:16 [main] DEBUG o.s.w.s.m.WebSocketAnnotationMethodMessageHandler - 
	c.p.e.i.S.C.AuthController:
	
2025-03-29 11:24:16 [main] DEBUG o.s.w.s.m.WebSocketAnnotationMethodMessageHandler - 
	c.p.e.i.S.C.IntegrationController:
	
2025-03-29 11:24:16 [main] DEBUG o.s.w.s.m.WebSocketAnnotationMethodMessageHandler - 
	c.p.e.i.S.C.MonitoringController:
	
2025-03-29 11:24:16 [main] DEBUG o.s.w.s.m.WebSocketAnnotationMethodMessageHandler - 
	c.p.e.i.S.C.RFIDController:
	
2025-03-29 11:24:16 [main] DEBUG o.s.w.s.m.WebSocketAnnotationMethodMessageHandler - 
	c.p.e.i.S.C.RuleEngineScriptController:
	
2025-03-29 11:24:16 [main] DEBUG o.s.w.s.m.WebSocketAnnotationMethodMessageHandler - 
	c.p.e.i.S.C.SSLCertificateController:
	
2025-03-29 11:24:16 [main] DEBUG o.s.w.s.m.WebSocketAnnotationMethodMessageHandler - 
	c.p.e.i.S.C.SensorController:
	
2025-03-29 11:24:16 [main] DEBUG o.s.w.s.m.WebSocketAnnotationMethodMessageHandler - 
	c.p.e.i.S.C.SystemConfigController:
	
2025-03-29 11:24:16 [main] DEBUG o.s.w.s.m.WebSocketAnnotationMethodMessageHandler - 
	c.p.e.i.S.C.T.AlarmController:
	
2025-03-29 11:24:16 [main] DEBUG o.s.w.s.m.WebSocketAnnotationMethodMessageHandler - 
	c.p.e.i.S.C.T.AnalyticsController:
	
2025-03-29 11:24:16 [main] DEBUG o.s.w.s.m.WebSocketAnnotationMethodMessageHandler - 
	c.p.e.i.S.C.T.AssetController:
	
2025-03-29 11:24:16 [main] DEBUG o.s.w.s.m.WebSocketAnnotationMethodMessageHandler - 
	c.p.e.i.S.C.T.DashboardController:
	
2025-03-29 11:24:16 [main] DEBUG o.s.w.s.m.WebSocketAnnotationMethodMessageHandler - 
	c.p.e.i.S.C.T.DeviceController:
	
2025-03-29 11:24:16 [main] DEBUG o.s.w.s.m.WebSocketAnnotationMethodMessageHandler - 
	c.p.e.i.S.C.T.EdgeController:
	
2025-03-29 11:24:16 [main] DEBUG o.s.w.s.m.WebSocketAnnotationMethodMessageHandler - 
	c.p.e.i.S.C.T.EleveurController:
	
2025-03-29 11:24:16 [main] DEBUG o.s.w.s.m.WebSocketAnnotationMethodMessageHandler - 
	c.p.e.i.S.C.T.TelemetryDataController:
	
2025-03-29 11:24:16 [main] DEBUG o.s.w.s.m.WebSocketAnnotationMethodMessageHandler - 
	c.p.e.i.S.C.T.TenantAdminController:
	
2025-03-29 11:24:16 [main] DEBUG o.s.w.s.m.WebSocketAnnotationMethodMessageHandler - 
	c.p.e.i.S.C.T.WidgetController:
	
2025-03-29 11:24:16 [main] DEBUG o.s.w.s.m.WebSocketAnnotationMethodMessageHandler - 
	c.p.e.i.S.C.TenantController:
	
2025-03-29 11:24:16 [main] DEBUG o.s.w.s.m.WebSocketAnnotationMethodMessageHandler - 
	o.s.b.a.w.s.e.BasicErrorController:
	
2025-03-29 11:24:17 [main] INFO  o.s.i.endpoint.EventDrivenConsumer - Adding {logging-channel-adapter:_org.springframework.integration.errorLogger} as a subscriber to the 'errorChannel' channel
2025-03-29 11:24:17 [main] INFO  o.s.i.c.PublishSubscribeChannel - Channel 'Smart_Farming.errorChannel' has 1 subscriber(s).
2025-03-29 11:24:17 [main] INFO  o.s.i.endpoint.EventDrivenConsumer - started bean '_org.springframework.integration.errorLogger'
2025-03-29 11:24:17 [main] INFO  o.s.i.endpoint.EventDrivenConsumer - Adding {message-handler:handler.serviceActivator} as a subscriber to the 'mqttInputChannel' channel
2025-03-29 11:24:17 [main] INFO  o.s.i.channel.DirectChannel - Channel 'Smart_Farming.mqttInputChannel' has 1 subscriber(s).
2025-03-29 11:24:17 [main] INFO  o.s.i.endpoint.EventDrivenConsumer - started bean 'handler.serviceActivator'
2025-03-29 11:24:17 [main] INFO  o.s.i.endpoint.EventDrivenConsumer - Adding {message-handler:rfidHandler.serviceActivator} as a subscriber to the 'rfidInputChannel' channel
2025-03-29 11:24:17 [main] INFO  o.s.i.channel.DirectChannel - Channel 'Smart_Farming.rfidInputChannel' has 1 subscriber(s).
2025-03-29 11:24:17 [main] INFO  o.s.i.endpoint.EventDrivenConsumer - started bean 'rfidHandler.serviceActivator'
2025-03-29 11:24:17 [main] DEBUG org.springframework.web.SimpLogging - clientOutboundChannel added SubProtocolWebSocketHandler[StompSubProtocolHandler[v10.stomp, v11.stomp, v12.stomp]]
2025-03-29 11:24:17 [main] DEBUG org.springframework.web.SimpLogging - clientInboundChannel added WebSocketAnnotationMethodMessageHandler[prefixes=[/app/]]
2025-03-29 11:24:17 [main] INFO  o.s.m.s.b.SimpleBrokerMessageHandler - Starting...
2025-03-29 11:24:17 [main] DEBUG org.springframework.web.SimpLogging - clientInboundChannel added SimpleBrokerMessageHandler [org.springframework.messaging.simp.broker.DefaultSubscriptionRegistry@1ea555d]
2025-03-29 11:24:17 [main] DEBUG org.springframework.web.SimpLogging - brokerChannel added SimpleBrokerMessageHandler [org.springframework.messaging.simp.broker.DefaultSubscriptionRegistry@1ea555d]
2025-03-29 11:24:17 [main] INFO  o.s.m.s.b.SimpleBrokerMessageHandler - BrokerAvailabilityEvent[available=true, SimpleBrokerMessageHandler [org.springframework.messaging.simp.broker.DefaultSubscriptionRegistry@1ea555d]]
2025-03-29 11:24:17 [main] INFO  o.s.m.s.b.SimpleBrokerMessageHandler - Started.
2025-03-29 11:24:17 [main] DEBUG org.springframework.web.SimpLogging - clientInboundChannel added UserDestinationMessageHandler[DefaultUserDestinationResolver[prefix=/user/]]
2025-03-29 11:24:17 [main] DEBUG org.springframework.web.SimpLogging - brokerChannel added UserDestinationMessageHandler[DefaultUserDestinationResolver[prefix=/user/]]
2025-03-29 11:24:17 [main] INFO  o.s.i.m.i.MqttPahoMessageDrivenChannelAdapter - started bean 'inbound'; defined in: 'class path resource [com/project/elevage/intelligent/Smart_Farming/Protocols/Mqtt/MqttConfig.class]'; from source: 'com.project.elevage.intelligent.Smart_Farming.Protocols.Mqtt.MqttConfig.inbound()'
2025-03-29 11:24:17 [main] INFO  o.s.i.m.i.MqttPahoMessageDrivenChannelAdapter - started bean 'rfidInbound'; defined in: 'class path resource [com/project/elevage/intelligent/Smart_Farming/Protocols/Mqtt/MqttConfig.class]'; from source: 'com.project.elevage.intelligent.Smart_Farming.Protocols.Mqtt.MqttConfig.rfidInbound()'
2025-03-29 11:24:17 [main] INFO  o.a.coyote.http11.Http11NioProtocol - Starting ProtocolHandler ["http-nio-8080"]
2025-03-29 11:24:17 [main] INFO  o.s.b.w.e.tomcat.TomcatWebServer - Tomcat started on port 8080 (http) with context path '/'
2025-03-29 11:24:17 [main] INFO  c.p.e.i.S.SmartFarmingApplication - Started SmartFarmingApplication in 6.901 seconds (process running for 7.185)
2025-03-29 11:24:40 [http-nio-8080-exec-2] INFO  o.a.c.c.C.[Tomcat].[localhost].[/] - Initializing Spring DispatcherServlet 'dispatcherServlet'
2025-03-29 11:24:40 [http-nio-8080-exec-2] INFO  o.s.web.servlet.DispatcherServlet - Initializing Servlet 'dispatcherServlet'
2025-03-29 11:24:40 [http-nio-8080-exec-2] DEBUG o.s.web.servlet.DispatcherServlet - Detected StandardServletMultipartResolver
2025-03-29 11:24:40 [http-nio-8080-exec-2] DEBUG o.s.web.servlet.DispatcherServlet - Detected AcceptHeaderLocaleResolver
2025-03-29 11:24:40 [http-nio-8080-exec-2] DEBUG o.s.web.servlet.DispatcherServlet - Detected FixedThemeResolver
2025-03-29 11:24:40 [http-nio-8080-exec-2] DEBUG o.s.web.servlet.DispatcherServlet - Detected org.springframework.web.servlet.view.DefaultRequestToViewNameTranslator@1618b4fa
2025-03-29 11:24:40 [http-nio-8080-exec-2] DEBUG o.s.web.servlet.DispatcherServlet - Detected org.springframework.web.servlet.support.SessionFlashMapManager@12d644a6
2025-03-29 11:24:40 [http-nio-8080-exec-2] DEBUG o.s.web.servlet.DispatcherServlet - enableLoggingRequestDetails='false': request parameters and headers will be masked to prevent unsafe logging of potentially sensitive data
2025-03-29 11:24:40 [http-nio-8080-exec-2] INFO  o.s.web.servlet.DispatcherServlet - Completed initialization in 4 ms
2025-03-29 11:24:40 [http-nio-8080-exec-2] DEBUG o.s.security.web.FilterChainProxy - Securing POST /auth/login
2025-03-29 11:24:40 [http-nio-8080-exec-2] DEBUG o.s.s.w.a.AnonymousAuthenticationFilter - Set SecurityContextHolder to anonymous SecurityContext
2025-03-29 11:24:40 [http-nio-8080-exec-2] DEBUG o.s.security.web.FilterChainProxy - Secured POST /auth/login
2025-03-29 11:24:40 [http-nio-8080-exec-2] DEBUG o.s.web.servlet.DispatcherServlet - POST "/auth/login", parameters={}
2025-03-29 11:24:40 [http-nio-8080-exec-2] DEBUG o.s.w.s.m.m.a.RequestMappingHandlerMapping - Mapped to com.project.elevage.intelligent.Smart_Farming.Controllers.AuthController#login(AuthenticationRequest)
2025-03-29 11:24:40 [http-nio-8080-exec-2] DEBUG o.s.w.s.m.m.a.RequestResponseBodyMethodProcessor - Read "application/json;charset=UTF-8" to [com.project.elevage.intelligent.Smart_Farming.DTO.AuthenticationRequest@42b25d86]
2025-03-29 11:24:40 [http-nio-8080-exec-2] DEBUG o.s.s.a.d.DaoAuthenticationProvider - Authenticated user
2025-03-29 11:24:41 [http-nio-8080-exec-2] DEBUG o.s.w.s.m.m.a.HttpEntityMethodProcessor - Using 'application/json', given [*/*] and supported [application/json, application/*+json]
2025-03-29 11:24:41 [http-nio-8080-exec-2] DEBUG o.s.w.s.m.m.a.HttpEntityMethodProcessor - Writing [com.project.elevage.intelligent.Smart_Farming.DTO.AuthenticationResponse@50865ed2]
2025-03-29 11:24:41 [http-nio-8080-exec-2] DEBUG o.s.web.servlet.DispatcherServlet - Completed 200 OK
2025-03-29 11:25:11 [http-nio-8080-exec-3] DEBUG o.s.security.web.FilterChainProxy - Securing GET /api/admins/tenant-admins
2025-03-29 11:25:11 [http-nio-8080-exec-3] DEBUG o.s.security.web.FilterChainProxy - Secured GET /api/admins/tenant-admins
2025-03-29 11:25:11 [http-nio-8080-exec-3] DEBUG o.s.web.servlet.DispatcherServlet - GET "/api/admins/tenant-admins", parameters={}
2025-03-29 11:25:11 [http-nio-8080-exec-3] DEBUG o.s.w.s.m.m.a.RequestMappingHandlerMapping - Mapped to com.project.elevage.intelligent.Smart_Farming.Controllers.AdminSystemController#getAllTenantAdmins()
2025-03-29 11:25:11 [http-nio-8080-exec-3] DEBUG o.s.w.s.m.m.a.HttpEntityMethodProcessor - Using 'application/json', given [*/*] and supported [application/json, application/*+json]
2025-03-29 11:25:11 [http-nio-8080-exec-3] DEBUG o.s.w.s.m.m.a.HttpEntityMethodProcessor - Writing [[com.project.elevage.intelligent.Smart_Farming.Entities.TenantAdmin.TenantAdminEntity@fcb00d, com.pr (truncated)...]
2025-03-29 11:25:11 [http-nio-8080-exec-3] DEBUG o.s.web.servlet.DispatcherServlet - Completed 200 OK
2025-03-29 11:25:17 [MessageBroker-1] INFO  o.s.w.s.c.WebSocketMessageBrokerStats - WebSocketSession[0 current WS(0)-HttpStream(0)-HttpPoll(0), 0 total, 0 closed abnormally (0 connect failure, 0 send limit, 0 transport error)], stompSubProtocol[processed CONNECT(0)-CONNECTED(0)-DISCONNECT(0)], stompBrokerRelay[null], inboundChannel[unknown], outboundChannel[unknown], sockJsScheduler[pool size = 1, active threads = 1, queued tasks = 0, completed tasks = 0]
2025-03-29 11:27:59 [http-nio-8080-exec-6] DEBUG o.s.security.web.FilterChainProxy - Securing POST /auth/login
2025-03-29 11:27:59 [http-nio-8080-exec-6] DEBUG o.s.s.w.a.AnonymousAuthenticationFilter - Set SecurityContextHolder to anonymous SecurityContext
2025-03-29 11:27:59 [http-nio-8080-exec-6] DEBUG o.s.security.web.FilterChainProxy - Secured POST /auth/login
2025-03-29 11:27:59 [http-nio-8080-exec-6] DEBUG o.s.web.servlet.DispatcherServlet - POST "/auth/login", parameters={}
2025-03-29 11:27:59 [http-nio-8080-exec-6] DEBUG o.s.w.s.m.m.a.RequestMappingHandlerMapping - Mapped to com.project.elevage.intelligent.Smart_Farming.Controllers.AuthController#login(AuthenticationRequest)
2025-03-29 11:27:59 [http-nio-8080-exec-6] DEBUG o.s.w.s.m.m.a.RequestResponseBodyMethodProcessor - Read "application/json;charset=UTF-8" to [com.project.elevage.intelligent.Smart_Farming.DTO.AuthenticationRequest@5a230f3a]
2025-03-29 11:28:00 [http-nio-8080-exec-6] DEBUG o.s.w.s.m.m.a.HttpEntityMethodProcessor - Using 'text/plain', given [*/*] and supported [text/plain, */*, application/json, application/*+json]
2025-03-29 11:28:00 [http-nio-8080-exec-6] DEBUG o.s.w.s.m.m.a.HttpEntityMethodProcessor - Writing ["Mot de passe incorrect"]
2025-03-29 11:28:00 [http-nio-8080-exec-6] DEBUG o.s.web.servlet.DispatcherServlet - Completed 401 UNAUTHORIZED
2025-03-29 11:46:02 [http-nio-8080-exec-8] DEBUG o.s.security.web.FilterChainProxy - Securing POST /auth/login
2025-03-29 11:46:02 [http-nio-8080-exec-8] DEBUG o.s.s.w.a.AnonymousAuthenticationFilter - Set SecurityContextHolder to anonymous SecurityContext
2025-03-29 11:46:02 [http-nio-8080-exec-8] DEBUG o.s.security.web.FilterChainProxy - Secured POST /auth/login
2025-03-29 11:46:02 [http-nio-8080-exec-8] DEBUG o.s.web.servlet.DispatcherServlet - POST "/auth/login", parameters={}
2025-03-29 11:46:02 [http-nio-8080-exec-8] DEBUG o.s.w.s.m.m.a.RequestMappingHandlerMapping - Mapped to com.project.elevage.intelligent.Smart_Farming.Controllers.AuthController#login(AuthenticationRequest)
2025-03-29 11:46:02 [http-nio-8080-exec-8] DEBUG o.s.w.s.m.m.a.RequestResponseBodyMethodProcessor - Read "application/json;charset=UTF-8" to [com.project.elevage.intelligent.Smart_Farming.DTO.AuthenticationRequest@3b7f4b52]
2025-03-29 11:46:02 [http-nio-8080-exec-8] DEBUG o.s.s.a.d.DaoAuthenticationProvider - Authenticated user
2025-03-29 11:46:02 [http-nio-8080-exec-8] DEBUG o.s.w.s.m.m.a.HttpEntityMethodProcessor - Using 'application/json', given [*/*] and supported [application/json, application/*+json]
2025-03-29 11:46:02 [http-nio-8080-exec-8] DEBUG o.s.w.s.m.m.a.HttpEntityMethodProcessor - Writing [com.project.elevage.intelligent.Smart_Farming.DTO.AuthenticationResponse@3418f5eb]
2025-03-29 11:46:02 [http-nio-8080-exec-8] DEBUG o.s.web.servlet.DispatcherServlet - Completed 200 OK
